#
# A fatal error has been detected by the Java Runtime Environment:
#
#  EXCEPTION_ACCESS_VIOLATION (0xc0000005) at pc=0x00007ffbbcb3e0a9, pid=16136, tid=15496
#
# JRE version: OpenJDK Runtime Environment Microsoft-8035246 (17.0.8+7) (build 17.0.8+7-LTS)
# Java VM: OpenJDK 64-Bit Server VM Microsoft-8035246 (17.0.8+7-LTS, mixed mode, sharing, tiered, compressed oops, compressed class ptrs, g1 gc, windows-amd64)
# Problematic frame:
# V  [jvm.dll+0x2be0a9]
#
# No core dump will be written. Minidumps are not enabled by default on client versions of Windows
#
# If you would like to submit a bug report, please visit:
#   https://github.com/microsoft/openjdk/issues
#

---------------  S U M M A R Y ------------

Command Line: -XX:MaxMetaspaceSize=512m --add-opens=java.base/java.util=ALL-UNNAMED --add-opens=java.base/java.lang=ALL-UNNAMED --add-opens=java.base/java.lang.invoke=ALL-UNNAMED --add-opens=java.prefs/java.util.prefs=ALL-UNNAMED --add-opens=java.base/java.nio.charset=ALL-UNNAMED --add-opens=java.base/java.net=ALL-UNNAMED --add-opens=java.base/java.util.concurrent.atomic=ALL-UNNAMED -Xmx2048m -Dfile.encoding=windows-1252 -Duser.country=IN -Duser.language=en -Duser.variant -javaagent:C:\Users\mujah\.gradle\wrapper\dists\gradle-8.3-all\6en3ugtfdg5xnpx44z4qbwgas\gradle-8.3\lib\agents\gradle-instrumentation-agent-8.3.jar org.gradle.launcher.daemon.bootstrap.GradleDaemon 8.3

Host: Intel(R) Core(TM) i7-6600U CPU @ 2.60GHz, 4 cores, 7G,  Windows 10 , 64 bit Build 19041 (10.0.19041.3636)
Time: Fri Jan 19 20:21:38 2024 Sri Lanka Standard Time elapsed time: 250.693312 seconds (0d 0h 4m 10s)

---------------  T H R E A D  ---------------

Current thread (0x000002b6c47667e0):  JavaThread "C2 CompilerThread0" daemon [_thread_in_native, id=15496, stack(0x000000fc23000000,0x000000fc23100000)]


Current CompileTask:
C2: 250693 16027   !   4       org.gradle.cache.internal.DefaultMultiProcessSafeIndexedCache::getIfPresent (25 bytes)

Stack: [0x000000fc23000000,0x000000fc23100000],  sp=0x000000fc230fb9b0,  free space=1006k
Native frames: (J=compiled Java code, j=interpreted, Vv=VM code, C=native code)
V  [jvm.dll+0x2be0a9]
V  [jvm.dll+0x21ba8b]
V  [jvm.dll+0x21944b]
V  [jvm.dll+0x1a56b6]
V  [jvm.dll+0x2291ea]
V  [jvm.dll+0x22724c]
V  [jvm.dll+0x7efd0c]
V  [jvm.dll+0x7ea13a]
V  [jvm.dll+0x67ad85]
C  [ucrtbase.dll+0x21bb2]
C  [KERNEL32.DLL+0x17344]
C  [ntdll.dll+0x526b1]


siginfo: EXCEPTION_ACCESS_VIOLATION (0xc0000005), reading address 0x0000000000000028


Register to memory mapping:

RIP=0x00007ffbbcb3e0a9 jvm.dll
RAX=0x000002b6e9c89e40 points into unknown readable memory: 0x0000000000000000 | 00 00 00 00 00 00 00 00
RBX=0x000000000000174b is an unknown value
RCX=0x0 is NULL
RDX=0x0 is NULL
RSP=0x000000fc230fb9b0 is pointing into the stack for thread: 0x000002b6c47667e0
RBP=0x000000fc230fba20 is pointing into the stack for thread: 0x000002b6c47667e0
RSI=0x0 is NULL
RDI=0x0000000000000047 is an unknown value
R8 =0x000000000000ffe0 is an unknown value
R9 =0x0 is NULL
R10=0x00007ffbe1f10000 VCRUNTIME140.dll
R11=0x000002b6e9c89e60 points into unknown readable memory: 0x0000000000000000 | 00 00 00 00 00 00 00 00
R12=0x0000000000000050 is an unknown value
R13=0x0 is NULL
R14=0x0 is NULL
R15=0x000000fc230febd0 is pointing into the stack for thread: 0x000002b6c47667e0


Registers:
RAX=0x000002b6e9c89e40, RBX=0x000000000000174b, RCX=0x0000000000000000, RDX=0x0000000000000000
RSP=0x000000fc230fb9b0, RBP=0x000000fc230fba20, RSI=0x0000000000000000, RDI=0x0000000000000047
R8 =0x000000000000ffe0, R9 =0x0000000000000000, R10=0x00007ffbe1f10000, R11=0x000002b6e9c89e60
R12=0x0000000000000050, R13=0x0000000000000000, R14=0x0000000000000000, R15=0x000000fc230febd0
RIP=0x00007ffbbcb3e0a9, EFLAGS=0x0000000000010202

Top of Stack: (sp=0x000000fc230fb9b0)
0x000000fc230fb9b0:   000000000000174b 0000000000000000
0x000000fc230fb9c0:   000000fc230febd0 00007ffbbcaa38d1
0x000000fc230fb9d0:   000002b6c475e530 00007ffb00002000
0x000000fc230fb9e0:   000002b6e9c89e40 000002b600000000
0x000000fc230fb9f0:   0000000000000002 000002b6e407e300
0x000000fc230fba00:   0000000000000002 000002b6c475e530
0x000000fc230fba10:   0000000000000000 0000000000000000
0x000000fc230fba20:   000002b6a6bb0f70 000002b6a6bb05c0
0x000000fc230fba30:   0000000000000047 00007ffbbd1c4c08
0x000000fc230fba40:   000000fc230fbb50 00007ffbbca9ba8b
0x000000fc230fba50:   000000fc230febd0 00007ffbbd1c4c08
0x000000fc230fba60:   000000fc230febd0 000000fc230fbb50
0x000000fc230fba70:   000002b600000000 00007ffbbce9b7fb
0x000000fc230fba80:   000000fc0000000f 000000fc230febd0
0x000000fc230fba90:   000000fc230fbc00 0000000000000000
0x000000fc230fbaa0:   000002b600000100 00007ffbbd1c4c08 

Instructions: (pc=0x00007ffbbcb3e0a9)
0x00007ffbbcb3dfa9:   3b d0 75 0b ff c1 41 3b c9 7c dc 48 8b c2 c3 33
0x00007ffbbcb3dfb9:   c0 c3 cc cc cc cc cc 48 89 5c 24 18 55 56 57 41
0x00007ffbbcb3dfc9:   55 41 57 48 8b ec 48 83 ec 70 65 48 8b 04 25 58
0x00007ffbbcb3dfd9:   00 00 00 48 8b f2 44 8b 05 d2 8b 90 00 4c 8b f9
0x00007ffbbcb3dfe9:   4a 8b 1c c0 b8 50 00 00 00 80 3c 18 00 75 05 e8
0x00007ffbbcb3dff9:   8b 6f 5d 00 b8 20 00 00 00 48 8b 04 18 48 8b 98
0x00007ffbbcb3e009:   38 02 00 00 48 89 5d b0 c7 45 b8 04 00 00 00 48
0x00007ffbbcb3e019:   8b 43 18 48 83 f8 df 76 18 4c 8d 05 37 a9 65 00
0x00007ffbbcb3e029:   ba 20 00 00 00 48 8b cb e8 5a eb de ff 48 8b 43
0x00007ffbbcb3e039:   18 48 8d 48 20 48 3b 4b 20 76 11 45 33 c0 48 8b
0x00007ffbbcb3e049:   cb 41 8d 50 20 e8 fd e8 de ff eb 04 48 89 4b 18
0x00007ffbbcb3e059:   44 8b 45 b8 33 d2 49 c1 e0 03 48 8b c8 48 89 45
0x00007ffbbcb3e069:   c0 e8 e3 80 5d 00 45 33 ed 48 8d 4d d0 44 89 6d
0x00007ffbbcb3e079:   c8 e8 01 59 56 00 41 8b 9f 40 02 00 00 41 2b 9f
0x00007ffbbcb3e089:   68 02 00 00 44 89 6d f0 3b 5d b8 72 0b 8b d3 48
0x00007ffbbcb3e099:   8d 4d b0 e8 6f b3 39 00 48 8b 45 c0 4c 89 2c d8
0x00007ffbbcb3e0a9:   8b 7e 28 8b df c1 eb 05 3b 5d d0 72 0b 8b d3 48
0x00007ffbbcb3e0b9:   8d 4d d0 e8 1f 59 56 00 48 8b 45 d8 83 e7 1f 48
0x00007ffbbcb3e0c9:   8d 14 98 40 0f b6 cf 41 b8 01 00 00 00 41 d3 e0
0x00007ffbbcb3e0d9:   8b 0a 8b c1 41 0b c0 89 02 41 85 c8 75 21 8b 5d
0x00007ffbbcb3e0e9:   c8 8d 43 01 89 45 c8 3b 5d b8 72 0b 8b d3 48 8d
0x00007ffbbcb3e0f9:   4d b0 e8 10 b3 39 00 48 8b 45 c0 48 89 34 d8 44
0x00007ffbbcb3e109:   39 6d c8 0f 86 77 01 00 00 4c 89 a4 24 a0 00 00
0x00007ffbbcb3e119:   00 4c 89 b4 24 a8 00 00 00 48 8b 45 c0 41 8b cd
0x00007ffbbcb3e129:   48 8b 34 c8 8b 46 2c 25 ff 1f 00 00 3d 04 10 00
0x00007ffbbcb3e139:   00 0f 85 a7 00 00 00 bb 01 00 00 00 39 5e 18 76
0x00007ffbbcb3e149:   39 66 0f 1f 44 00 00 48 8b 46 08 8b cb 48 8b 14
0x00007ffbbcb3e159:   c8 48 85 d2 74 1d 48 83 7a 10 00 74 16 80 7a 2c
0x00007ffbbcb3e169:   84 74 10 e8 7f 7e ee ff 48 8b d0 49 8b cf e8 a4
0x00007ffbbcb3e179:   61 f6 ff ff c3 3b 5e 18 72 cd 48 8b 5e 10 8b 46
0x00007ffbbcb3e189:   20 4c 8d 34 c3 49 3b de 73 54 48 8b 3b 8b 47 2c
0x00007ffbbcb3e199:   83 e0 03 3c 03 75 2e 48 8b 07 48 8b cf ff 90 88 


Stack slot to memory mapping:
stack at sp + 0 slots: 0x000000000000174b is an unknown value
stack at sp + 1 slots: 0x0 is NULL
stack at sp + 2 slots: 0x000000fc230febd0 is pointing into the stack for thread: 0x000002b6c47667e0
stack at sp + 3 slots: 0x00007ffbbcaa38d1 jvm.dll
stack at sp + 4 slots: 0x000002b6c475e530 points into unknown readable memory: 0x0000000000000006 | 06 00 00 00 00 00 00 00
stack at sp + 5 slots: 0x00007ffb00002000 is an unknown value
stack at sp + 6 slots: 0x000002b6e9c89e40 points into unknown readable memory: 0x0000000000000000 | 00 00 00 00 00 00 00 00
stack at sp + 7 slots: 0x000002b600000000 is an unknown value


---------------  P R O C E S S  ---------------

Threads class SMR info:
_java_thread_list=0x000002b6e8fa1bc0, length=92, elements={
0x000002b6a6b9dbd0, 0x000002b6c4749c80, 0x000002b6c474ab00, 0x000002b6c4760a20,
0x000002b6c47636b0, 0x000002b6c4765080, 0x000002b6c4765a40, 0x000002b6c47667e0,
0x000002b6c4767aa0, 0x000002b6c48d8070, 0x000002b6c47332d0, 0x000002b6c4a2b200,
0x000002b6e4aa72b0, 0x000002b6c4c94420, 0x000002b6e4e72e80, 0x000002b6e40150d0,
0x000002b6e49a4eb0, 0x000002b6e56ab870, 0x000002b6e56aae50, 0x000002b6e56aa430,
0x000002b6e56a9a10, 0x000002b6e56ab360, 0x000002b6e56ac290, 0x000002b6e4ad71d0,
0x000002b6e4ad4440, 0x000002b6e4ad1bc0, 0x000002b6e4ad20d0, 0x000002b6e4ad3f30,
0x000002b6e4ad8100, 0x000002b6e4ad4e60, 0x000002b6e4ad8610, 0x000002b6e4ad11a0,
0x000002b6e4ad16b0, 0x000002b6e4ad3510, 0x000002b6e4ad67b0, 0x000002b6e4ad76e0,
0x000002b6e40be450, 0x000002b6e40c07c0, 0x000002b6e40c2110, 0x000002b6e40bcb00,
0x000002b6e40bdf40, 0x000002b6e40c0cd0, 0x000002b6e40be960, 0x000002b6e40bf890,
0x000002b6e40bd520, 0x000002b6e40bee70, 0x000002b6e40c2b30, 0x000002b6e40c3040,
0x000002b6e40bd010, 0x000002b6e56abd80, 0x000002b6e749b660, 0x000002b6e749d9d0,
0x000002b6e749dee0, 0x000002b6e749ac40, 0x000002b6e74a1180, 0x000002b6e749c590,
0x000002b6e74a1690, 0x000002b6e74a0760, 0x000002b6e749b150, 0x000002b6e749caa0,
0x000002b6e749d4c0, 0x000002b6e749c080, 0x000002b6e749fd40, 0x000002b6e74a0250,
0x000002b6e74a0c70, 0x000002b6e749a220, 0x000002b6e74a1ba0, 0x000002b6e56ac7a0,
0x000002b6e56ad1c0, 0x000002b6e4ad2af0, 0x000002b6e4ad3a20, 0x000002b6e40c02b0,
0x000002b6e40c3f70, 0x000002b6e56aa940, 0x000002b6ef79eda0, 0x000002b6ef799280,
0x000002b6ef79e380, 0x000002b6ef79fcd0, 0x000002b6ef799790, 0x000002b6ef79e890,
0x000002b6ef79b0e0, 0x000002b6ef79bb00, 0x000002b6ef79ca30, 0x000002b6ef799ca0,
0x000002b6ef79f2b0, 0x000002b6ef79f7c0, 0x000002b6ef798860, 0x000002b6ef7a01e0,
0x000002b6ef79c010, 0x000002b6ef79a1b0, 0x000002b6e7989560, 0x000002b6ef79c520
}

Java Threads: ( => current thread )
  0x000002b6a6b9dbd0 JavaThread "main" [_thread_blocked, id=7132, stack(0x000000fc22300000,0x000000fc22400000)]
  0x000002b6c4749c80 JavaThread "Reference Handler" daemon [_thread_blocked, id=14672, stack(0x000000fc22a00000,0x000000fc22b00000)]
  0x000002b6c474ab00 JavaThread "Finalizer" daemon [_thread_blocked, id=1108, stack(0x000000fc22b00000,0x000000fc22c00000)]
  0x000002b6c4760a20 JavaThread "Signal Dispatcher" daemon [_thread_blocked, id=6884, stack(0x000000fc22c00000,0x000000fc22d00000)]
  0x000002b6c47636b0 JavaThread "Attach Listener" daemon [_thread_blocked, id=11688, stack(0x000000fc22d00000,0x000000fc22e00000)]
  0x000002b6c4765080 JavaThread "Service Thread" daemon [_thread_blocked, id=10436, stack(0x000000fc22e00000,0x000000fc22f00000)]
  0x000002b6c4765a40 JavaThread "Monitor Deflation Thread" daemon [_thread_blocked, id=13536, stack(0x000000fc22f00000,0x000000fc23000000)]
=>0x000002b6c47667e0 JavaThread "C2 CompilerThread0" daemon [_thread_in_native, id=15496, stack(0x000000fc23000000,0x000000fc23100000)]
  0x000002b6c4767aa0 JavaThread "C1 CompilerThread0" daemon [_thread_blocked, id=13256, stack(0x000000fc23100000,0x000000fc23200000)]
  0x000002b6c48d8070 JavaThread "Sweeper thread" daemon [_thread_blocked, id=9548, stack(0x000000fc23200000,0x000000fc23300000)]
  0x000002b6c47332d0 JavaThread "Common-Cleaner" daemon [_thread_blocked, id=15492, stack(0x000000fc23300000,0x000000fc23400000)]
  0x000002b6c4a2b200 JavaThread "Notification Thread" daemon [_thread_blocked, id=2376, stack(0x000000fc23400000,0x000000fc23500000)]
  0x000002b6e4aa72b0 JavaThread "Daemon health stats" [_thread_blocked, id=13988, stack(0x000000fc23900000,0x000000fc23a00000)]
  0x000002b6c4c94420 JavaThread "Incoming local TCP Connector on port 62016" [_thread_in_native, id=10724, stack(0x000000fc23a00000,0x000000fc23b00000)]
  0x000002b6e4e72e80 JavaThread "Daemon periodic checks" [_thread_blocked, id=16076, stack(0x000000fc23b00000,0x000000fc23c00000)]
  0x000002b6e40150d0 JavaThread "Daemon" [_thread_blocked, id=14628, stack(0x000000fc23c00000,0x000000fc23d00000)]
  0x000002b6e49a4eb0 JavaThread "Handler for socket connection from /127.0.0.1:62016 to /127.0.0.1:62017" [_thread_in_native, id=14368, stack(0x000000fc23d00000,0x000000fc23e00000)]
  0x000002b6e56ab870 JavaThread "Cancel handler" [_thread_blocked, id=8504, stack(0x000000fc23e00000,0x000000fc23f00000)]
  0x000002b6e56aae50 JavaThread "Daemon worker" [_thread_blocked, id=8664, stack(0x000000fc23f00000,0x000000fc24000000)]
  0x000002b6e56aa430 JavaThread "Asynchronous log dispatcher for DefaultDaemonConnection: socket connection from /127.0.0.1:62016 to /127.0.0.1:62017" [_thread_blocked, id=6004, stack(0x000000fc24000000,0x000000fc24100000)]
  0x000002b6e56a9a10 JavaThread "Daemon client event forwarder" [_thread_blocked, id=15044, stack(0x000000fc24200000,0x000000fc24300000)]
  0x000002b6e56ab360 JavaThread "Cache worker for journal cache (C:\Users\mujah\.gradle\caches\journal-1)" [_thread_blocked, id=1640, stack(0x000000fc24300000,0x000000fc24400000)]
  0x000002b6e56ac290 JavaThread "File lock request listener" [_thread_in_native, id=1248, stack(0x000000fc24400000,0x000000fc24500000)]
  0x000002b6e4ad71d0 JavaThread "Cache worker for file hash cache (C:\Users\mujah\.gradle\caches\8.3\fileHashes)" [_thread_blocked, id=6744, stack(0x000000fc24600000,0x000000fc24700000)]
  0x000002b6e4ad4440 JavaThread "File watcher server" daemon [_thread_in_native, id=6404, stack(0x000000fc24700000,0x000000fc24800000)]
  0x000002b6e4ad1bc0 JavaThread "File watcher consumer" daemon [_thread_blocked, id=14452, stack(0x000000fc24800000,0x000000fc24900000)]
  0x000002b6e4ad20d0 JavaThread "Cache worker for checksums cache (C:\Users\mujah\AwesomeProject\WeatherApp\android\.gradle\8.3\checksums)" [_thread_blocked, id=2304, stack(0x000000fc24900000,0x000000fc24a00000)]
  0x000002b6e4ad3f30 JavaThread "Cache worker for file hash cache (C:\Users\mujah\AwesomeProject\WeatherApp\android\.gradle\8.3\fileHashes)" [_thread_blocked, id=10328, stack(0x000000fc24a00000,0x000000fc24b00000)]
  0x000002b6e4ad8100 JavaThread "Cache worker for cache directory md-supplier (C:\Users\mujah\.gradle\caches\8.3\md-supplier)" [_thread_blocked, id=13192, stack(0x000000fc24b00000,0x000000fc24c00000)]
  0x000002b6e4ad4e60 JavaThread "Cache worker for file content cache (C:\Users\mujah\.gradle\caches\8.3\fileContent)" [_thread_blocked, id=8268, stack(0x000000fc24c00000,0x000000fc24d00000)]
  0x000002b6e4ad8610 JavaThread "Cache worker for cache directory md-rule (C:\Users\mujah\.gradle\caches\8.3\md-rule)" [_thread_blocked, id=13948, stack(0x000000fc24e00000,0x000000fc24f00000)]
  0x000002b6e4ad11a0 JavaThread "Cache worker for execution history cache (C:\Users\mujah\.gradle\caches\8.3\executionHistory)" [_thread_blocked, id=12428, stack(0x000000fc24f00000,0x000000fc25000000)]
  0x000002b6e4ad16b0 JavaThread "jar transforms" [_thread_blocked, id=15396, stack(0x000000fc25000000,0x000000fc25100000)]
  0x000002b6e4ad3510 JavaThread "jar transforms Thread 2" [_thread_blocked, id=12888, stack(0x000000fc25100000,0x000000fc25200000)]
  0x000002b6e4ad67b0 JavaThread "jar transforms Thread 3" [_thread_blocked, id=15400, stack(0x000000fc25200000,0x000000fc25300000)]
  0x000002b6e4ad76e0 JavaThread "jar transforms Thread 4" [_thread_blocked, id=772, stack(0x000000fc25400000,0x000000fc25500000)]
  0x000002b6e40be450 JavaThread "Cache worker for kotlin-dsl (C:\Users\mujah\.gradle\caches\8.3\kotlin-dsl)" [_thread_blocked, id=6396, stack(0x000000fc25600000,0x000000fc25700000)]
  0x000002b6e40c07c0 JavaThread "Unconstrained build operations" [_thread_blocked, id=7996, stack(0x000000fc22100000,0x000000fc22200000)]
  0x000002b6e40c2110 JavaThread "Unconstrained build operations Thread 2" [_thread_blocked, id=4892, stack(0x000000fc22200000,0x000000fc22300000)]
  0x000002b6e40bcb00 JavaThread "Cache worker for dependencies-accessors (C:\Users\mujah\AwesomeProject\WeatherApp\android\.gradle\8.3\dependencies-accessors)" [_thread_blocked, id=4584, stack(0x000000fc25700000,0x000000fc25800000)]
  0x000002b6e40bdf40 JavaThread "Cache worker for Build Output Cleanup Cache (C:\Users\mujah\AwesomeProject\WeatherApp\node_modules\@react-native\gradle-plugin\.gradle\buildOutputCleanup)" [_thread_blocked, id=6936, stack(0x000000fc25900000,0x000000fc25a00000)]
  0x000002b6e40c0cd0 JavaThread "Unconstrained build operations Thread 3" [_thread_blocked, id=11772, stack(0x000000fc25a00000,0x000000fc25b00000)]
  0x000002b6e40be960 JavaThread "Unconstrained build operations Thread 4" [_thread_blocked, id=4384, stack(0x000000fc25b00000,0x000000fc25c00000)]
  0x000002b6e40bf890 JavaThread "Unconstrained build operations Thread 5" [_thread_blocked, id=10040, stack(0x000000fc25c00000,0x000000fc25d00000)]
  0x000002b6e40bd520 JavaThread "Memory manager" [_thread_blocked, id=14016, stack(0x000000fc25800000,0x000000fc25900000)]
  0x000002b6e40bee70 JavaThread "Cache worker for Build Output Cleanup Cache (C:\Users\mujah\AwesomeProject\WeatherApp\android\.gradle\buildOutputCleanup)" [_thread_blocked, id=3056, stack(0x000000fc25d00000,0x000000fc25e00000)]
  0x000002b6e40c2b30 JavaThread "ForkJoinPool.commonPool-worker-2" daemon [_thread_blocked, id=16256, stack(0x000000fc25f00000,0x000000fc26000000)]
  0x000002b6e40c3040 JavaThread "ForkJoinPool.commonPool-worker-3" daemon [_thread_blocked, id=13016, stack(0x000000fc26000000,0x000000fc26100000)]
  0x000002b6e40bd010 JavaThread "Execution worker" [_thread_blocked, id=688, stack(0x000000fc26500000,0x000000fc26600000)]
  0x000002b6e56abd80 JavaThread "Execution worker Thread 2" [_thread_blocked, id=5680, stack(0x000000fc26600000,0x000000fc26700000)]
  0x000002b6e749b660 JavaThread "Execution worker Thread 3" [_thread_blocked, id=5396, stack(0x000000fc26700000,0x000000fc26800000)]
  0x000002b6e749d9d0 JavaThread "Cache worker for execution history cache (C:\Users\mujah\AwesomeProject\WeatherApp\node_modules\@react-native\gradle-plugin\.gradle\8.3\executionHistory)" [_thread_blocked, id=8236, stack(0x000000fc26800000,0x000000fc26900000)]
  0x000002b6e749dee0 JavaThread "Unconstrained build operations Thread 6" [_thread_blocked, id=16180, stack(0x000000fc26900000,0x000000fc26a00000)]
  0x000002b6e749ac40 JavaThread "Unconstrained build operations Thread 7" [_thread_blocked, id=14432, stack(0x000000fc26a00000,0x000000fc26b00000)]
  0x000002b6e74a1180 JavaThread "Unconstrained build operations Thread 8" [_thread_blocked, id=12040, stack(0x000000fc26b00000,0x000000fc26c00000)]
  0x000002b6e749c590 JavaThread "Unconstrained build operations Thread 9" [_thread_blocked, id=2812, stack(0x000000fc26c00000,0x000000fc26d00000)]
  0x000002b6e74a1690 JavaThread "Unconstrained build operations Thread 10" [_thread_in_Java, id=2240, stack(0x000000fc26d00000,0x000000fc26e00000)]
  0x000002b6e74a0760 JavaThread "Unconstrained build operations Thread 11" [_thread_blocked, id=10160, stack(0x000000fc26e00000,0x000000fc26f00000)]
  0x000002b6e749b150 JavaThread "Unconstrained build operations Thread 12" [_thread_blocked, id=11172, stack(0x000000fc26f00000,0x000000fc27000000)]
  0x000002b6e749caa0 JavaThread "Unconstrained build operations Thread 13" [_thread_blocked, id=16160, stack(0x000000fc27000000,0x000000fc27100000)]
  0x000002b6e749d4c0 JavaThread "File lock release action executor Thread 2" [_thread_blocked, id=4524, stack(0x000000fc24500000,0x000000fc24600000)]
  0x000002b6e749c080 JavaThread "Unconstrained build operations Thread 14" [_thread_blocked, id=3468, stack(0x000000fc26100000,0x000000fc26200000)]
  0x000002b6e749fd40 JavaThread "Unconstrained build operations Thread 15" [_thread_blocked, id=16004, stack(0x000000fc26200000,0x000000fc26300000)]
  0x000002b6e74a0250 JavaThread "Unconstrained build operations Thread 16" [_thread_blocked, id=8668, stack(0x000000fc26300000,0x000000fc26400000)]
  0x000002b6e74a0c70 JavaThread "Unconstrained build operations Thread 17" [_thread_blocked, id=15196, stack(0x000000fc26400000,0x000000fc26500000)]
  0x000002b6e749a220 JavaThread "Unconstrained build operations Thread 18" [_thread_blocked, id=692, stack(0x000000fc27100000,0x000000fc27200000)]
  0x000002b6e74a1ba0 JavaThread "Unconstrained build operations Thread 19" [_thread_blocked, id=3320, stack(0x000000fc27200000,0x000000fc27300000)]
  0x000002b6e56ac7a0 JavaThread "Unconstrained build operations Thread 20" [_thread_blocked, id=9832, stack(0x000000fc25e00000,0x000000fc25f00000)]
  0x000002b6e56ad1c0 JavaThread "Unconstrained build operations Thread 21" [_thread_blocked, id=7112, stack(0x000000fc27300000,0x000000fc27400000)]
  0x000002b6e4ad2af0 JavaThread "Unconstrained build operations Thread 22" [_thread_blocked, id=15040, stack(0x000000fc27400000,0x000000fc27500000)]
  0x000002b6e4ad3a20 JavaThread "Unconstrained build operations Thread 23" [_thread_blocked, id=8720, stack(0x000000fc24100000,0x000000fc24200000)]
  0x000002b6e40c02b0 JavaThread "Unconstrained build operations Thread 24" [_thread_blocked, id=3808, stack(0x000000fc27500000,0x000000fc27600000)]
  0x000002b6e40c3f70 JavaThread "Unconstrained build operations Thread 25" [_thread_blocked, id=13716, stack(0x000000fc27600000,0x000000fc27700000)]
  0x000002b6e56aa940 JavaThread "ForkJoinPool.commonPool-worker-4" daemon [_thread_blocked, id=10968, stack(0x000000fc27800000,0x000000fc27900000)]
  0x000002b6ef79eda0 JavaThread "included builds Thread 2" [_thread_blocked, id=14096, stack(0x000000fc27900000,0x000000fc27a00000)]
  0x000002b6ef799280 JavaThread "Unconstrained build operations Thread 26" [_thread_blocked, id=5576, stack(0x000000fc27a00000,0x000000fc27b00000)]
  0x000002b6ef79e380 JavaThread "Unconstrained build operations Thread 27" [_thread_blocked, id=3856, stack(0x000000fc27b00000,0x000000fc27c00000)]
  0x000002b6ef79fcd0 JavaThread "Unconstrained build operations Thread 28" [_thread_blocked, id=11068, stack(0x000000fc27c00000,0x000000fc27d00000)]
  0x000002b6ef799790 JavaThread "Unconstrained build operations Thread 29" [_thread_blocked, id=9328, stack(0x000000fc27d00000,0x000000fc27e00000)]
  0x000002b6ef79e890 JavaThread "Unconstrained build operations Thread 30" [_thread_blocked, id=6356, stack(0x000000fc27e00000,0x000000fc27f00000)]
  0x000002b6ef79b0e0 JavaThread "Unconstrained build operations Thread 31" [_thread_blocked, id=16212, stack(0x000000fc27f00000,0x000000fc28000000)]
  0x000002b6ef79bb00 JavaThread "Unconstrained build operations Thread 32" [_thread_blocked, id=14280, stack(0x000000fc28000000,0x000000fc28100000)]
  0x000002b6ef79ca30 JavaThread "Unconstrained build operations Thread 33" [_thread_blocked, id=11700, stack(0x000000fc28100000,0x000000fc28200000)]
  0x000002b6ef799ca0 JavaThread "Unconstrained build operations Thread 34" [_thread_blocked, id=14268, stack(0x000000fc28200000,0x000000fc28300000)]
  0x000002b6ef79f2b0 JavaThread "Unconstrained build operations Thread 35" [_thread_blocked, id=12128, stack(0x000000fc28300000,0x000000fc28400000)]
  0x000002b6ef79f7c0 JavaThread "Unconstrained build operations Thread 36" [_thread_blocked, id=3120, stack(0x000000fc28400000,0x000000fc28500000)]
  0x000002b6ef798860 JavaThread "Unconstrained build operations Thread 37" [_thread_blocked, id=952, stack(0x000000fc28500000,0x000000fc28600000)]
  0x000002b6ef7a01e0 JavaThread "Unconstrained build operations Thread 38" [_thread_blocked, id=12600, stack(0x000000fc28600000,0x000000fc28700000)]
  0x000002b6ef79c010 JavaThread "Unconstrained build operations Thread 39" [_thread_blocked, id=16304, stack(0x000000fc28700000,0x000000fc28800000)]
  0x000002b6ef79a1b0 JavaThread "Unconstrained build operations Thread 40" [_thread_blocked, id=13224, stack(0x000000fc28800000,0x000000fc28900000)]
  0x000002b6e7989560 JavaThread "C2 CompilerThread1" daemon [_thread_blocked, id=9492, stack(0x000000fc27700000,0x000000fc27800000)]
  0x000002b6ef79c520 JavaThread "Cache worker for execution history cache (C:\Users\mujah\AwesomeProject\WeatherApp\android\.gradle\8.3\executionHistory)" [_thread_blocked, id=2708, stack(0x000000fc28900000,0x000000fc28a00000)]

Other Threads:
  0x000002b6c4743000 VMThread "VM Thread" [stack: 0x000000fc22900000,0x000000fc22a00000] [id=9272]
  0x000002b6c4aa0dc0 WatcherThread [stack: 0x000000fc23500000,0x000000fc23600000] [id=12388]
  0x000002b6a4ac9f50 GCTaskThread "GC Thread#0" [stack: 0x000000fc22400000,0x000000fc22500000] [id=2848]
  0x000002b6c4b224c0 GCTaskThread "GC Thread#1" [stack: 0x000000fc23700000,0x000000fc23800000] [id=8252]
  0x000002b6c4bcad40 GCTaskThread "GC Thread#2" [stack: 0x000000fc23800000,0x000000fc23900000] [id=14132]
  0x000002b6e4951e50 GCTaskThread "GC Thread#3" [stack: 0x000000fc23600000,0x000000fc23700000] [id=856]
  0x000002b6a4aceb50 ConcurrentGCThread "G1 Main Marker" [stack: 0x000000fc22500000,0x000000fc22600000] [id=11900]
  0x000002b6a6c087c0 ConcurrentGCThread "G1 Conc#0" [stack: 0x000000fc22600000,0x000000fc22700000] [id=14064]
  0x000002b6c46020c0 ConcurrentGCThread "G1 Refine#0" [stack: 0x000000fc22700000,0x000000fc22800000] [id=5432]
  0x000002b6e4d48500 ConcurrentGCThread "G1 Refine#1" [stack: 0x000000fc24d00000,0x000000fc24e00000] [id=5320]
  0x000002b6c4602af0 ConcurrentGCThread "G1 Service" [stack: 0x000000fc22800000,0x000000fc22900000] [id=16044]

Threads with active compile tasks:
C2 CompilerThread0   250792 16027   !   4       org.gradle.cache.internal.DefaultMultiProcessSafeIndexedCache::getIfPresent (25 bytes)

VM state: not at safepoint (normal execution)

VM Mutex/Monitor currently owned by a thread: None

Heap address: 0x0000000080000000, size: 2048 MB, Compressed Oops mode: 32-bit

CDS archive(s) mapped at: [0x000002b6c5000000-0x000002b6c5bd0000-0x000002b6c5bd0000), size 12386304, SharedBaseAddress: 0x000002b6c5000000, ArchiveRelocationMode: 1.
Compressed class space mapped at: 0x000002b6c6000000-0x000002b6e0000000, reserved size: 436207616
Narrow klass base: 0x000002b6c5000000, Narrow klass shift: 0, Narrow klass range: 0x100000000

GC Precious Log:
 CPUs: 4 total, 4 available
 Memory: 8071M
 Large Page Support: Disabled
 NUMA Support: Disabled
 Compressed Oops: Enabled (32-bit)
 Heap Region Size: 1M
 Heap Min Capacity: 8M
 Heap Initial Capacity: 128M
 Heap Max Capacity: 2G
 Pre-touch: Disabled
 Parallel Workers: 4
 Concurrent Workers: 1
 Concurrent Refinement Workers: 4
 Periodic GC: Disabled

Heap:
 garbage-first heap   total 250880K, used 200880K [0x0000000080000000, 0x0000000100000000)
  region size 1024K, 6 young (6144K), 2 survivors (2048K)
 Metaspace       used 103606K, committed 104704K, reserved 557056K
  class space    used 14472K, committed 15040K, reserved 425984K

Heap Regions: E=young(eden), S=young(survivor), O=old, HS=humongous(starts), HC=humongous(continues), CS=collection set, F=free, OA=open archive, CA=closed archive, TAMS=top-at-mark-start (previous, next)
|   0|0x0000000080000000, 0x0000000080100000, 0x0000000080100000|100%| O|  |TAMS 0x0000000080100000, 0x0000000080000000| Untracked 
|   1|0x0000000080100000, 0x0000000080200000, 0x0000000080200000|100%| O|  |TAMS 0x0000000080200000, 0x0000000080100000| Untracked 
|   2|0x0000000080200000, 0x0000000080300000, 0x0000000080300000|100%|HS|  |TAMS 0x0000000080300000, 0x0000000080200000| Complete 
|   3|0x0000000080300000, 0x0000000080400000, 0x0000000080400000|100%|HC|  |TAMS 0x0000000080400000, 0x0000000080300000| Complete 
|   4|0x0000000080400000, 0x0000000080500000, 0x0000000080500000|100%|HC|  |TAMS 0x0000000080500000, 0x0000000080400000| Complete 
|   5|0x0000000080500000, 0x0000000080600000, 0x0000000080600000|100%|HC|  |TAMS 0x0000000080600000, 0x0000000080500000| Complete 
|   6|0x0000000080600000, 0x0000000080700000, 0x0000000080700000|100%| O|  |TAMS 0x0000000080700000, 0x0000000080600000| Untracked 
|   7|0x0000000080700000, 0x0000000080800000, 0x0000000080800000|100%| O|  |TAMS 0x0000000080800000, 0x0000000080700000| Untracked 
|   8|0x0000000080800000, 0x0000000080900000, 0x0000000080900000|100%| O|  |TAMS 0x0000000080900000, 0x0000000080800000| Untracked 
|   9|0x0000000080900000, 0x0000000080a00000, 0x0000000080a00000|100%| O|  |TAMS 0x0000000080a00000, 0x0000000080900000| Untracked 
|  10|0x0000000080a00000, 0x0000000080b00000, 0x0000000080b00000|100%| O|  |TAMS 0x0000000080b00000, 0x0000000080a00000| Untracked 
|  11|0x0000000080b00000, 0x0000000080c00000, 0x0000000080c00000|100%| O|  |TAMS 0x0000000080c00000, 0x0000000080b00000| Untracked 
|  12|0x0000000080c00000, 0x0000000080d00000, 0x0000000080d00000|100%| O|  |TAMS 0x0000000080d00000, 0x0000000080c00000| Untracked 
|  13|0x0000000080d00000, 0x0000000080e00000, 0x0000000080e00000|100%| O|  |TAMS 0x0000000080e00000, 0x0000000080d00000| Untracked 
|  14|0x0000000080e00000, 0x0000000080f00000, 0x0000000080f00000|100%| O|  |TAMS 0x0000000080f00000, 0x0000000080e00000| Untracked 
|  15|0x0000000080f00000, 0x0000000081000000, 0x0000000081000000|100%| O|  |TAMS 0x0000000081000000, 0x0000000080f00000| Untracked 
|  16|0x0000000081000000, 0x0000000081100000, 0x0000000081100000|100%| O|  |TAMS 0x0000000081100000, 0x0000000081000000| Untracked 
|  17|0x0000000081100000, 0x0000000081200000, 0x0000000081200000|100%| O|  |TAMS 0x0000000081200000, 0x0000000081100000| Untracked 
|  18|0x0000000081200000, 0x0000000081300000, 0x0000000081300000|100%| O|  |TAMS 0x0000000081300000, 0x0000000081200000| Untracked 
|  19|0x0000000081300000, 0x0000000081400000, 0x0000000081400000|100%| O|  |TAMS 0x0000000081400000, 0x0000000081300000| Untracked 
|  20|0x0000000081400000, 0x0000000081500000, 0x0000000081500000|100%| O|  |TAMS 0x0000000081500000, 0x0000000081400000| Untracked 
|  21|0x0000000081500000, 0x0000000081600000, 0x0000000081600000|100%| O|  |TAMS 0x0000000081600000, 0x0000000081500000| Untracked 
|  22|0x0000000081600000, 0x0000000081700000, 0x0000000081700000|100%| O|  |TAMS 0x0000000081700000, 0x0000000081600000| Untracked 
|  23|0x0000000081700000, 0x0000000081800000, 0x0000000081800000|100%| O|  |TAMS 0x0000000081800000, 0x0000000081700000| Untracked 
|  24|0x0000000081800000, 0x0000000081900000, 0x0000000081900000|100%| O|  |TAMS 0x0000000081900000, 0x0000000081800000| Untracked 
|  25|0x0000000081900000, 0x0000000081a00000, 0x0000000081a00000|100%| O|  |TAMS 0x0000000081a00000, 0x0000000081900000| Untracked 
|  26|0x0000000081a00000, 0x0000000081b00000, 0x0000000081b00000|100%| O|  |TAMS 0x0000000081b00000, 0x0000000081a00000| Untracked 
|  27|0x0000000081b00000, 0x0000000081c00000, 0x0000000081c00000|100%| O|  |TAMS 0x0000000081c00000, 0x0000000081b00000| Untracked 
|  28|0x0000000081c00000, 0x0000000081d00000, 0x0000000081d00000|100%| O|  |TAMS 0x0000000081d00000, 0x0000000081c00000| Untracked 
|  29|0x0000000081d00000, 0x0000000081e00000, 0x0000000081e00000|100%| O|  |TAMS 0x0000000081e00000, 0x0000000081d00000| Untracked 
|  30|0x0000000081e00000, 0x0000000081f00000, 0x0000000081f00000|100%| O|  |TAMS 0x0000000081f00000, 0x0000000081e00000| Untracked 
|  31|0x0000000081f00000, 0x0000000082000000, 0x0000000082000000|100%| O|  |TAMS 0x0000000082000000, 0x0000000081f00000| Untracked 
|  32|0x0000000082000000, 0x0000000082100000, 0x0000000082100000|100%| O|  |TAMS 0x0000000082100000, 0x0000000082000000| Untracked 
|  33|0x0000000082100000, 0x0000000082200000, 0x0000000082200000|100%| O|  |TAMS 0x0000000082200000, 0x0000000082100000| Untracked 
|  34|0x0000000082200000, 0x0000000082300000, 0x0000000082300000|100%|HS|  |TAMS 0x0000000082300000, 0x0000000082200000| Complete 
|  35|0x0000000082300000, 0x0000000082400000, 0x0000000082400000|100%|HC|  |TAMS 0x0000000082400000, 0x0000000082300000| Complete 
|  36|0x0000000082400000, 0x0000000082500000, 0x0000000082500000|100%| O|  |TAMS 0x0000000082500000, 0x0000000082400000| Untracked 
|  37|0x0000000082500000, 0x0000000082600000, 0x0000000082600000|100%|HS|  |TAMS 0x0000000082500000, 0x0000000082500000| Complete 
|  38|0x0000000082600000, 0x0000000082700000, 0x0000000082700000|100%| O|  |TAMS 0x0000000082700000, 0x0000000082600000| Untracked 
|  39|0x0000000082700000, 0x0000000082800000, 0x0000000082800000|100%|HS|  |TAMS 0x0000000082800000, 0x0000000082700000| Complete 
|  40|0x0000000082800000, 0x0000000082900000, 0x0000000082900000|100%|HC|  |TAMS 0x0000000082900000, 0x0000000082800000| Complete 
|  41|0x0000000082900000, 0x0000000082a00000, 0x0000000082a00000|100%|HS|  |TAMS 0x0000000082a00000, 0x0000000082900000| Complete 
|  42|0x0000000082a00000, 0x0000000082b00000, 0x0000000082b00000|100%|HC|  |TAMS 0x0000000082b00000, 0x0000000082a00000| Complete 
|  43|0x0000000082b00000, 0x0000000082c00000, 0x0000000082c00000|100%|HC|  |TAMS 0x0000000082c00000, 0x0000000082b00000| Complete 
|  44|0x0000000082c00000, 0x0000000082d00000, 0x0000000082d00000|100%|HC|  |TAMS 0x0000000082d00000, 0x0000000082c00000| Complete 
|  45|0x0000000082d00000, 0x0000000082e00000, 0x0000000082e00000|100%| O|  |TAMS 0x0000000082e00000, 0x0000000082d00000| Untracked 
|  46|0x0000000082e00000, 0x0000000082f00000, 0x0000000082f00000|100%| O|  |TAMS 0x0000000082f00000, 0x0000000082e00000| Untracked 
|  47|0x0000000082f00000, 0x0000000083000000, 0x0000000083000000|100%| O|  |TAMS 0x0000000083000000, 0x0000000082f00000| Untracked 
|  48|0x0000000083000000, 0x0000000083100000, 0x0000000083100000|100%| O|  |TAMS 0x0000000083100000, 0x0000000083000000| Untracked 
|  49|0x0000000083100000, 0x0000000083200000, 0x0000000083200000|100%|HS|  |TAMS 0x0000000083200000, 0x0000000083100000| Complete 
|  50|0x0000000083200000, 0x0000000083300000, 0x0000000083300000|100%|HC|  |TAMS 0x0000000083300000, 0x0000000083200000| Complete 
|  51|0x0000000083300000, 0x0000000083400000, 0x0000000083400000|100%|HC|  |TAMS 0x0000000083400000, 0x0000000083300000| Complete 
|  52|0x0000000083400000, 0x0000000083500000, 0x0000000083500000|100%|HC|  |TAMS 0x0000000083500000, 0x0000000083400000| Complete 
|  53|0x0000000083500000, 0x0000000083600000, 0x0000000083600000|100%| O|  |TAMS 0x0000000083600000, 0x0000000083500000| Untracked 
|  54|0x0000000083600000, 0x0000000083700000, 0x0000000083700000|100%| O|  |TAMS 0x0000000083700000, 0x0000000083600000| Untracked 
|  55|0x0000000083700000, 0x0000000083800000, 0x0000000083800000|100%| O|  |TAMS 0x0000000083800000, 0x0000000083700000| Untracked 
|  56|0x0000000083800000, 0x0000000083900000, 0x0000000083900000|100%| O|  |TAMS 0x0000000083900000, 0x0000000083800000| Untracked 
|  57|0x0000000083900000, 0x0000000083a00000, 0x0000000083a00000|100%| O|  |TAMS 0x0000000083a00000, 0x0000000083900000| Untracked 
|  58|0x0000000083a00000, 0x0000000083b00000, 0x0000000083b00000|100%| O|  |TAMS 0x0000000083b00000, 0x0000000083a00000| Untracked 
|  59|0x0000000083b00000, 0x0000000083c00000, 0x0000000083c00000|100%| O|  |TAMS 0x0000000083c00000, 0x0000000083b00000| Untracked 
|  60|0x0000000083c00000, 0x0000000083d00000, 0x0000000083d00000|100%| O|  |TAMS 0x0000000083d00000, 0x0000000083c00000| Untracked 
|  61|0x0000000083d00000, 0x0000000083e00000, 0x0000000083e00000|100%| O|  |TAMS 0x0000000083e00000, 0x0000000083d00000| Untracked 
|  62|0x0000000083e00000, 0x0000000083f00000, 0x0000000083f00000|100%| O|  |TAMS 0x0000000083f00000, 0x0000000083e00000| Untracked 
|  63|0x0000000083f00000, 0x0000000084000000, 0x0000000084000000|100%| O|  |TAMS 0x0000000084000000, 0x0000000083f00000| Untracked 
|  64|0x0000000084000000, 0x0000000084100000, 0x0000000084100000|100%| O|  |TAMS 0x0000000084100000, 0x0000000084000000| Untracked 
|  65|0x0000000084100000, 0x0000000084200000, 0x0000000084200000|100%|HS|  |TAMS 0x0000000084100000, 0x0000000084100000| Complete 
|  66|0x0000000084200000, 0x0000000084300000, 0x0000000084300000|100%|HS|  |TAMS 0x0000000084300000, 0x0000000084200000| Complete 
|  67|0x0000000084300000, 0x0000000084400000, 0x0000000084400000|100%|HS|  |TAMS 0x0000000084400000, 0x0000000084300000| Complete 
|  68|0x0000000084400000, 0x0000000084500000, 0x0000000084500000|100%|HS|  |TAMS 0x0000000084500000, 0x0000000084400000| Complete 
|  69|0x0000000084500000, 0x0000000084600000, 0x0000000084600000|100%| O|  |TAMS 0x0000000084600000, 0x0000000084500000| Untracked 
|  70|0x0000000084600000, 0x0000000084700000, 0x0000000084700000|100%| O|  |TAMS 0x0000000084700000, 0x0000000084600000| Untracked 
|  71|0x0000000084700000, 0x0000000084800000, 0x0000000084800000|100%|HS|  |TAMS 0x0000000084800000, 0x0000000084700000| Complete 
|  72|0x0000000084800000, 0x0000000084900000, 0x0000000084900000|100%| O|  |TAMS 0x0000000084900000, 0x0000000084800000| Untracked 
|  73|0x0000000084900000, 0x0000000084a00000, 0x0000000084a00000|100%| O|  |TAMS 0x0000000084a00000, 0x0000000084900000| Untracked 
|  74|0x0000000084a00000, 0x0000000084b00000, 0x0000000084b00000|100%| O|  |TAMS 0x0000000084b00000, 0x0000000084a00000| Untracked 
|  75|0x0000000084b00000, 0x0000000084c00000, 0x0000000084c00000|100%| O|  |TAMS 0x0000000084c00000, 0x0000000084b00000| Untracked 
|  76|0x0000000084c00000, 0x0000000084d00000, 0x0000000084d00000|100%| O|  |TAMS 0x0000000084d00000, 0x0000000084c00000| Untracked 
|  77|0x0000000084d00000, 0x0000000084e00000, 0x0000000084e00000|100%| O|  |TAMS 0x0000000084e00000, 0x0000000084d00000| Untracked 
|  78|0x0000000084e00000, 0x0000000084f00000, 0x0000000084f00000|100%| O|  |TAMS 0x0000000084f00000, 0x0000000084e00000| Untracked 
|  79|0x0000000084f00000, 0x0000000085000000, 0x0000000085000000|100%| O|  |TAMS 0x0000000085000000, 0x0000000084f00000| Untracked 
|  80|0x0000000085000000, 0x0000000085100000, 0x0000000085100000|100%| O|  |TAMS 0x0000000085100000, 0x0000000085000000| Untracked 
|  81|0x0000000085100000, 0x0000000085200000, 0x0000000085200000|100%| O|  |TAMS 0x0000000085200000, 0x0000000085100000| Untracked 
|  82|0x0000000085200000, 0x0000000085300000, 0x0000000085300000|100%| O|  |TAMS 0x0000000085300000, 0x0000000085200000| Untracked 
|  83|0x0000000085300000, 0x0000000085400000, 0x0000000085400000|100%| O|  |TAMS 0x0000000085400000, 0x0000000085300000| Untracked 
|  84|0x0000000085400000, 0x0000000085500000, 0x0000000085500000|100%| O|  |TAMS 0x0000000085500000, 0x0000000085400000| Untracked 
|  85|0x0000000085500000, 0x0000000085600000, 0x0000000085600000|100%| O|  |TAMS 0x0000000085600000, 0x0000000085500000| Untracked 
|  86|0x0000000085600000, 0x0000000085700000, 0x0000000085700000|100%| O|  |TAMS 0x0000000085700000, 0x0000000085600000| Untracked 
|  87|0x0000000085700000, 0x0000000085800000, 0x0000000085800000|100%| O|  |TAMS 0x0000000085800000, 0x0000000085700000| Untracked 
|  88|0x0000000085800000, 0x0000000085900000, 0x0000000085900000|100%| O|  |TAMS 0x0000000085900000, 0x0000000085800000| Untracked 
|  89|0x0000000085900000, 0x0000000085a00000, 0x0000000085a00000|100%| O|  |TAMS 0x0000000085a00000, 0x0000000085900000| Untracked 
|  90|0x0000000085a00000, 0x0000000085b00000, 0x0000000085b00000|100%| O|  |TAMS 0x0000000085b00000, 0x0000000085a00000| Untracked 
|  91|0x0000000085b00000, 0x0000000085c00000, 0x0000000085c00000|100%| O|  |TAMS 0x0000000085c00000, 0x0000000085b00000| Untracked 
|  92|0x0000000085c00000, 0x0000000085d00000, 0x0000000085d00000|100%| O|  |TAMS 0x0000000085d00000, 0x0000000085c00000| Untracked 
|  93|0x0000000085d00000, 0x0000000085e00000, 0x0000000085e00000|100%| O|  |TAMS 0x0000000085e00000, 0x0000000085d00000| Untracked 
|  94|0x0000000085e00000, 0x0000000085f00000, 0x0000000085f00000|100%| O|  |TAMS 0x0000000085f00000, 0x0000000085e00000| Untracked 
|  95|0x0000000085f00000, 0x0000000086000000, 0x0000000086000000|100%| O|  |TAMS 0x0000000086000000, 0x0000000085f00000| Untracked 
|  96|0x0000000086000000, 0x0000000086100000, 0x0000000086100000|100%| O|  |TAMS 0x0000000086100000, 0x0000000086000000| Untracked 
|  97|0x0000000086100000, 0x0000000086200000, 0x0000000086200000|100%| O|  |TAMS 0x0000000086200000, 0x0000000086100000| Untracked 
|  98|0x0000000086200000, 0x0000000086300000, 0x0000000086300000|100%| O|  |TAMS 0x0000000086300000, 0x0000000086200000| Untracked 
|  99|0x0000000086300000, 0x0000000086400000, 0x0000000086400000|100%| O|  |TAMS 0x0000000086400000, 0x0000000086300000| Untracked 
| 100|0x0000000086400000, 0x0000000086500000, 0x0000000086500000|100%|HS|  |TAMS 0x0000000086500000, 0x0000000086400000| Complete 
| 101|0x0000000086500000, 0x0000000086600000, 0x0000000086600000|100%|HS|  |TAMS 0x0000000086600000, 0x0000000086500000| Complete 
| 102|0x0000000086600000, 0x0000000086700000, 0x0000000086700000|100%|HS|  |TAMS 0x0000000086700000, 0x0000000086600000| Complete 
| 103|0x0000000086700000, 0x0000000086800000, 0x0000000086800000|100%|HC|  |TAMS 0x0000000086800000, 0x0000000086700000| Complete 
| 104|0x0000000086800000, 0x0000000086900000, 0x0000000086900000|100%| O|  |TAMS 0x0000000086900000, 0x0000000086800000| Untracked 
| 105|0x0000000086900000, 0x0000000086a00000, 0x0000000086a00000|100%| O|  |TAMS 0x0000000086a00000, 0x0000000086900000| Untracked 
| 106|0x0000000086a00000, 0x0000000086b00000, 0x0000000086b00000|100%| O|  |TAMS 0x0000000086b00000, 0x0000000086a00000| Untracked 
| 107|0x0000000086b00000, 0x0000000086c00000, 0x0000000086c00000|100%| O|  |TAMS 0x0000000086c00000, 0x0000000086b00000| Untracked 
| 108|0x0000000086c00000, 0x0000000086d00000, 0x0000000086d00000|100%| O|  |TAMS 0x0000000086d00000, 0x0000000086c00000| Untracked 
| 109|0x0000000086d00000, 0x0000000086e00000, 0x0000000086e00000|100%| O|  |TAMS 0x0000000086e00000, 0x0000000086d00000| Untracked 
| 110|0x0000000086e00000, 0x0000000086f00000, 0x0000000086f00000|100%| O|  |TAMS 0x0000000086f00000, 0x0000000086e00000| Untracked 
| 111|0x0000000086f00000, 0x0000000087000000, 0x0000000087000000|100%| O|  |TAMS 0x0000000087000000, 0x0000000086f00000| Untracked 
| 112|0x0000000087000000, 0x0000000087100000, 0x0000000087100000|100%| O|  |TAMS 0x0000000087100000, 0x0000000087000000| Untracked 
| 113|0x0000000087100000, 0x0000000087200000, 0x0000000087200000|100%| O|  |TAMS 0x0000000087200000, 0x0000000087100000| Untracked 
| 114|0x0000000087200000, 0x0000000087300000, 0x0000000087300000|100%| O|  |TAMS 0x0000000087300000, 0x0000000087200000| Untracked 
| 115|0x0000000087300000, 0x0000000087400000, 0x0000000087400000|100%|HS|  |TAMS 0x0000000087400000, 0x0000000087300000| Complete 
| 116|0x0000000087400000, 0x0000000087500000, 0x0000000087500000|100%|HS|  |TAMS 0x0000000087500000, 0x0000000087400000| Complete 
| 117|0x0000000087500000, 0x0000000087600000, 0x0000000087600000|100%| O|  |TAMS 0x0000000087600000, 0x0000000087500000| Untracked 
| 118|0x0000000087600000, 0x0000000087700000, 0x0000000087700000|100%| O|  |TAMS 0x0000000087700000, 0x0000000087600000| Untracked 
| 119|0x0000000087700000, 0x0000000087800000, 0x0000000087800000|100%| O|  |TAMS 0x0000000087800000, 0x0000000087700000| Untracked 
| 120|0x0000000087800000, 0x0000000087900000, 0x0000000087900000|100%| O|  |TAMS 0x0000000087900000, 0x0000000087800000| Untracked 
| 121|0x0000000087900000, 0x0000000087a00000, 0x0000000087a00000|100%| O|  |TAMS 0x0000000087a00000, 0x0000000087900000| Untracked 
| 122|0x0000000087a00000, 0x0000000087b00000, 0x0000000087b00000|100%| O|  |TAMS 0x0000000087b00000, 0x0000000087a00000| Untracked 
| 123|0x0000000087b00000, 0x0000000087c00000, 0x0000000087c00000|100%| O|  |TAMS 0x0000000087c00000, 0x0000000087b00000| Untracked 
| 124|0x0000000087c00000, 0x0000000087d00000, 0x0000000087d00000|100%| O|  |TAMS 0x0000000087d00000, 0x0000000087c00000| Untracked 
| 125|0x0000000087d00000, 0x0000000087e00000, 0x0000000087e00000|100%| O|  |TAMS 0x0000000087e00000, 0x0000000087d00000| Untracked 
| 126|0x0000000087e00000, 0x0000000087f00000, 0x0000000087f00000|100%| O|  |TAMS 0x0000000087f00000, 0x0000000087e00000| Untracked 
| 127|0x0000000087f00000, 0x0000000088000000, 0x0000000088000000|100%| O|  |TAMS 0x0000000088000000, 0x0000000087f00000| Untracked 
| 128|0x0000000088000000, 0x0000000088100000, 0x0000000088100000|100%| O|  |TAMS 0x0000000088100000, 0x0000000088000000| Untracked 
| 129|0x0000000088100000, 0x0000000088200000, 0x0000000088200000|100%| O|  |TAMS 0x0000000088200000, 0x0000000088100000| Untracked 
| 130|0x0000000088200000, 0x0000000088300000, 0x0000000088300000|100%| O|  |TAMS 0x0000000088300000, 0x0000000088200000| Untracked 
| 131|0x0000000088300000, 0x0000000088400000, 0x0000000088400000|100%| O|  |TAMS 0x0000000088400000, 0x0000000088300000| Untracked 
| 132|0x0000000088400000, 0x0000000088500000, 0x0000000088500000|100%| O|  |TAMS 0x0000000088500000, 0x0000000088400000| Untracked 
| 133|0x0000000088500000, 0x0000000088600000, 0x0000000088600000|100%| O|  |TAMS 0x0000000088581a00, 0x0000000088500000| Untracked 
| 134|0x0000000088600000, 0x0000000088700000, 0x0000000088700000|100%| O|  |TAMS 0x0000000088600000, 0x0000000088600000| Untracked 
| 135|0x0000000088700000, 0x0000000088800000, 0x0000000088800000|100%| O|  |TAMS 0x0000000088700000, 0x0000000088700000| Untracked 
| 136|0x0000000088800000, 0x0000000088900000, 0x0000000088900000|100%| O|  |TAMS 0x0000000088800000, 0x0000000088800000| Untracked 
| 137|0x0000000088900000, 0x0000000088a00000, 0x0000000088a00000|100%| O|  |TAMS 0x0000000088900000, 0x0000000088900000| Untracked 
| 138|0x0000000088a00000, 0x0000000088b00000, 0x0000000088b00000|100%| O|  |TAMS 0x0000000088a00000, 0x0000000088a00000| Untracked 
| 139|0x0000000088b00000, 0x0000000088c00000, 0x0000000088c00000|100%| O|  |TAMS 0x0000000088b00000, 0x0000000088b00000| Untracked 
| 140|0x0000000088c00000, 0x0000000088d00000, 0x0000000088d00000|100%| O|  |TAMS 0x0000000088c00000, 0x0000000088c00000| Untracked 
| 141|0x0000000088d00000, 0x0000000088e00000, 0x0000000088e00000|100%| O|  |TAMS 0x0000000088d00000, 0x0000000088d00000| Untracked 
| 142|0x0000000088e00000, 0x0000000088f00000, 0x0000000088f00000|100%| O|  |TAMS 0x0000000088e00000, 0x0000000088e00000| Untracked 
| 143|0x0000000088f00000, 0x0000000089000000, 0x0000000089000000|100%| O|  |TAMS 0x0000000088f00000, 0x0000000088f00000| Untracked 
| 144|0x0000000089000000, 0x0000000089100000, 0x0000000089100000|100%| O|  |TAMS 0x0000000089000000, 0x0000000089000000| Untracked 
| 145|0x0000000089100000, 0x0000000089200000, 0x0000000089200000|100%| O|  |TAMS 0x0000000089100000, 0x0000000089100000| Untracked 
| 146|0x0000000089200000, 0x0000000089300000, 0x0000000089300000|100%| O|  |TAMS 0x0000000089200000, 0x0000000089200000| Untracked 
| 147|0x0000000089300000, 0x0000000089400000, 0x0000000089400000|100%| O|  |TAMS 0x0000000089300000, 0x0000000089300000| Untracked 
| 148|0x0000000089400000, 0x0000000089500000, 0x0000000089500000|100%| O|  |TAMS 0x0000000089400000, 0x0000000089400000| Untracked 
| 149|0x0000000089500000, 0x0000000089600000, 0x0000000089600000|100%| O|  |TAMS 0x0000000089500000, 0x0000000089500000| Untracked 
| 150|0x0000000089600000, 0x0000000089700000, 0x0000000089700000|100%| O|  |TAMS 0x0000000089600000, 0x0000000089600000| Untracked 
| 151|0x0000000089700000, 0x0000000089800000, 0x0000000089800000|100%| O|  |TAMS 0x0000000089700000, 0x0000000089700000| Untracked 
| 152|0x0000000089800000, 0x0000000089900000, 0x0000000089900000|100%| O|  |TAMS 0x0000000089800000, 0x0000000089800000| Untracked 
| 153|0x0000000089900000, 0x0000000089a00000, 0x0000000089a00000|100%|HS|  |TAMS 0x0000000089900000, 0x0000000089900000| Complete 
| 154|0x0000000089a00000, 0x0000000089b00000, 0x0000000089b00000|100%| O|  |TAMS 0x0000000089a00000, 0x0000000089a00000| Untracked 
| 155|0x0000000089b00000, 0x0000000089c00000, 0x0000000089c00000|100%| O|  |TAMS 0x0000000089b00000, 0x0000000089b00000| Untracked 
| 156|0x0000000089c00000, 0x0000000089d00000, 0x0000000089d00000|100%| O|  |TAMS 0x0000000089c00000, 0x0000000089c00000| Untracked 
| 157|0x0000000089d00000, 0x0000000089e00000, 0x0000000089e00000|100%| O|  |TAMS 0x0000000089d00000, 0x0000000089d00000| Untracked 
| 158|0x0000000089e00000, 0x0000000089f00000, 0x0000000089f00000|100%| O|  |TAMS 0x0000000089e00000, 0x0000000089e00000| Untracked 
| 159|0x0000000089f00000, 0x000000008a000000, 0x000000008a000000|100%| O|  |TAMS 0x0000000089f00000, 0x0000000089f00000| Untracked 
| 160|0x000000008a000000, 0x000000008a100000, 0x000000008a100000|100%| O|  |TAMS 0x000000008a000000, 0x000000008a000000| Untracked 
| 161|0x000000008a100000, 0x000000008a200000, 0x000000008a200000|100%| O|  |TAMS 0x000000008a100000, 0x000000008a100000| Untracked 
| 162|0x000000008a200000, 0x000000008a300000, 0x000000008a300000|100%| O|  |TAMS 0x000000008a200000, 0x000000008a200000| Untracked 
| 163|0x000000008a300000, 0x000000008a400000, 0x000000008a400000|100%| O|  |TAMS 0x000000008a300000, 0x000000008a300000| Untracked 
| 164|0x000000008a400000, 0x000000008a500000, 0x000000008a500000|100%| O|  |TAMS 0x000000008a400000, 0x000000008a400000| Untracked 
| 165|0x000000008a500000, 0x000000008a600000, 0x000000008a600000|100%| O|  |TAMS 0x000000008a500000, 0x000000008a500000| Untracked 
| 166|0x000000008a600000, 0x000000008a700000, 0x000000008a700000|100%| O|  |TAMS 0x000000008a600000, 0x000000008a600000| Untracked 
| 167|0x000000008a700000, 0x000000008a800000, 0x000000008a800000|100%| O|  |TAMS 0x000000008a700000, 0x000000008a700000| Untracked 
| 168|0x000000008a800000, 0x000000008a900000, 0x000000008a900000|100%| O|  |TAMS 0x000000008a800000, 0x000000008a800000| Untracked 
| 169|0x000000008a900000, 0x000000008aa00000, 0x000000008aa00000|100%| O|  |TAMS 0x000000008a900000, 0x000000008a900000| Untracked 
| 170|0x000000008aa00000, 0x000000008ab00000, 0x000000008ab00000|100%| O|  |TAMS 0x000000008aa00000, 0x000000008aa00000| Untracked 
| 171|0x000000008ab00000, 0x000000008ac00000, 0x000000008ac00000|100%| O|  |TAMS 0x000000008ab00000, 0x000000008ab00000| Untracked 
| 172|0x000000008ac00000, 0x000000008ad00000, 0x000000008ad00000|100%| O|  |TAMS 0x000000008ac00000, 0x000000008ac00000| Untracked 
| 173|0x000000008ad00000, 0x000000008ae00000, 0x000000008ae00000|100%| O|  |TAMS 0x000000008ad00000, 0x000000008ad00000| Untracked 
| 174|0x000000008ae00000, 0x000000008af00000, 0x000000008af00000|100%| O|  |TAMS 0x000000008ae00000, 0x000000008ae00000| Untracked 
| 175|0x000000008af00000, 0x000000008b000000, 0x000000008b000000|100%| O|  |TAMS 0x000000008af00000, 0x000000008af00000| Untracked 
| 176|0x000000008b000000, 0x000000008b100000, 0x000000008b100000|100%| O|  |TAMS 0x000000008b000000, 0x000000008b000000| Untracked 
| 177|0x000000008b100000, 0x000000008b200000, 0x000000008b200000|100%| O|  |TAMS 0x000000008b100000, 0x000000008b100000| Untracked 
| 178|0x000000008b200000, 0x000000008b300000, 0x000000008b300000|100%| O|  |TAMS 0x000000008b200000, 0x000000008b200000| Untracked 
| 179|0x000000008b300000, 0x000000008b400000, 0x000000008b400000|100%| O|  |TAMS 0x000000008b300000, 0x000000008b300000| Untracked 
| 180|0x000000008b400000, 0x000000008b500000, 0x000000008b500000|100%| O|  |TAMS 0x000000008b400000, 0x000000008b400000| Untracked 
| 181|0x000000008b500000, 0x000000008b600000, 0x000000008b600000|100%| O|  |TAMS 0x000000008b500000, 0x000000008b500000| Untracked 
| 182|0x000000008b600000, 0x000000008b700000, 0x000000008b700000|100%| O|  |TAMS 0x000000008b600000, 0x000000008b600000| Untracked 
| 183|0x000000008b700000, 0x000000008b800000, 0x000000008b800000|100%| O|  |TAMS 0x000000008b700000, 0x000000008b700000| Untracked 
| 184|0x000000008b800000, 0x000000008b900000, 0x000000008b900000|100%| O|  |TAMS 0x000000008b800000, 0x000000008b800000| Untracked 
| 185|0x000000008b900000, 0x000000008ba00000, 0x000000008ba00000|100%| O|  |TAMS 0x000000008b900000, 0x000000008b900000| Untracked 
| 186|0x000000008ba00000, 0x000000008bb00000, 0x000000008bb00000|100%| O|  |TAMS 0x000000008ba00000, 0x000000008ba00000| Untracked 
| 187|0x000000008bb00000, 0x000000008bc00000, 0x000000008bc00000|100%| O|  |TAMS 0x000000008bb00000, 0x000000008bb00000| Untracked 
| 188|0x000000008bc00000, 0x000000008bd00000, 0x000000008bd00000|100%| O|  |TAMS 0x000000008bc00000, 0x000000008bc00000| Untracked 
| 189|0x000000008bd00000, 0x000000008be00000, 0x000000008be00000|100%| O|  |TAMS 0x000000008bd00000, 0x000000008bd00000| Untracked 
| 190|0x000000008be00000, 0x000000008bf00000, 0x000000008bf00000|100%| O|  |TAMS 0x000000008be00000, 0x000000008be00000| Untracked 
| 191|0x000000008bf00000, 0x000000008bfff400, 0x000000008c000000| 99%| O|  |TAMS 0x000000008bf00000, 0x000000008bf00000| Untracked 
| 192|0x000000008c000000, 0x000000008c000000, 0x000000008c100000|  0%| F|  |TAMS 0x000000008c000000, 0x000000008c000000| Untracked 
| 193|0x000000008c100000, 0x000000008c100000, 0x000000008c200000|  0%| F|  |TAMS 0x000000008c100000, 0x000000008c100000| Untracked 
| 194|0x000000008c200000, 0x000000008c200000, 0x000000008c300000|  0%| F|  |TAMS 0x000000008c200000, 0x000000008c200000| Untracked 
| 195|0x000000008c300000, 0x000000008c300000, 0x000000008c400000|  0%| F|  |TAMS 0x000000008c300000, 0x000000008c300000| Untracked 
| 196|0x000000008c400000, 0x000000008c400000, 0x000000008c500000|  0%| F|  |TAMS 0x000000008c400000, 0x000000008c400000| Untracked 
| 197|0x000000008c500000, 0x000000008c500000, 0x000000008c600000|  0%| F|  |TAMS 0x000000008c500000, 0x000000008c500000| Untracked 
| 198|0x000000008c600000, 0x000000008c600000, 0x000000008c700000|  0%| F|  |TAMS 0x000000008c600000, 0x000000008c600000| Untracked 
| 199|0x000000008c700000, 0x000000008c700000, 0x000000008c800000|  0%| F|  |TAMS 0x000000008c700000, 0x000000008c700000| Untracked 
| 200|0x000000008c800000, 0x000000008c800000, 0x000000008c900000|  0%| F|  |TAMS 0x000000008c800000, 0x000000008c800000| Untracked 
| 201|0x000000008c900000, 0x000000008c900000, 0x000000008ca00000|  0%| F|  |TAMS 0x000000008c900000, 0x000000008c900000| Untracked 
| 202|0x000000008ca00000, 0x000000008ca00000, 0x000000008cb00000|  0%| F|  |TAMS 0x000000008ca00000, 0x000000008ca00000| Untracked 
| 203|0x000000008cb00000, 0x000000008cb00000, 0x000000008cc00000|  0%| F|  |TAMS 0x000000008cb00000, 0x000000008cb00000| Untracked 
| 204|0x000000008cc00000, 0x000000008cc00000, 0x000000008cd00000|  0%| F|  |TAMS 0x000000008cc00000, 0x000000008cc00000| Untracked 
| 205|0x000000008cd00000, 0x000000008cd00000, 0x000000008ce00000|  0%| F|  |TAMS 0x000000008cd00000, 0x000000008cd00000| Untracked 
| 206|0x000000008ce00000, 0x000000008ce00000, 0x000000008cf00000|  0%| F|  |TAMS 0x000000008ce00000, 0x000000008ce00000| Untracked 
| 207|0x000000008cf00000, 0x000000008cf00000, 0x000000008d000000|  0%| F|  |TAMS 0x000000008cf00000, 0x000000008cf00000| Untracked 
| 208|0x000000008d000000, 0x000000008d000000, 0x000000008d100000|  0%| F|  |TAMS 0x000000008d000000, 0x000000008d000000| Untracked 
| 209|0x000000008d100000, 0x000000008d100000, 0x000000008d200000|  0%| F|  |TAMS 0x000000008d100000, 0x000000008d100000| Untracked 
| 210|0x000000008d200000, 0x000000008d200000, 0x000000008d300000|  0%| F|  |TAMS 0x000000008d200000, 0x000000008d200000| Untracked 
| 211|0x000000008d300000, 0x000000008d300000, 0x000000008d400000|  0%| F|  |TAMS 0x000000008d300000, 0x000000008d300000| Untracked 
| 212|0x000000008d400000, 0x000000008d400000, 0x000000008d500000|  0%| F|  |TAMS 0x000000008d400000, 0x000000008d400000| Untracked 
| 213|0x000000008d500000, 0x000000008d500000, 0x000000008d600000|  0%| F|  |TAMS 0x000000008d500000, 0x000000008d500000| Untracked 
| 214|0x000000008d600000, 0x000000008d600000, 0x000000008d700000|  0%| F|  |TAMS 0x000000008d600000, 0x000000008d600000| Untracked 
| 215|0x000000008d700000, 0x000000008d700000, 0x000000008d800000|  0%| F|  |TAMS 0x000000008d700000, 0x000000008d700000| Untracked 
| 216|0x000000008d800000, 0x000000008d800000, 0x000000008d900000|  0%| F|  |TAMS 0x000000008d800000, 0x000000008d800000| Untracked 
| 217|0x000000008d900000, 0x000000008d900000, 0x000000008da00000|  0%| F|  |TAMS 0x000000008d900000, 0x000000008d900000| Untracked 
| 218|0x000000008da00000, 0x000000008da00000, 0x000000008db00000|  0%| F|  |TAMS 0x000000008da00000, 0x000000008da00000| Untracked 
| 219|0x000000008db00000, 0x000000008db00000, 0x000000008dc00000|  0%| F|  |TAMS 0x000000008db00000, 0x000000008db00000| Untracked 
| 220|0x000000008dc00000, 0x000000008dc00000, 0x000000008dd00000|  0%| F|  |TAMS 0x000000008dc00000, 0x000000008dc00000| Untracked 
| 221|0x000000008dd00000, 0x000000008dd00000, 0x000000008de00000|  0%| F|  |TAMS 0x000000008dd00000, 0x000000008dd00000| Untracked 
| 222|0x000000008de00000, 0x000000008de00000, 0x000000008df00000|  0%| F|  |TAMS 0x000000008de00000, 0x000000008de00000| Untracked 
| 223|0x000000008df00000, 0x000000008df2cd68, 0x000000008e000000| 17%| S|CS|TAMS 0x000000008df00000, 0x000000008df00000| Complete 
| 224|0x000000008e000000, 0x000000008e100000, 0x000000008e100000|100%| S|CS|TAMS 0x000000008e000000, 0x000000008e000000| Complete 
| 225|0x000000008e100000, 0x000000008e100000, 0x000000008e200000|  0%| F|  |TAMS 0x000000008e100000, 0x000000008e100000| Untracked 
| 226|0x000000008e200000, 0x000000008e200000, 0x000000008e300000|  0%| F|  |TAMS 0x000000008e200000, 0x000000008e200000| Untracked 
| 227|0x000000008e300000, 0x000000008e300000, 0x000000008e400000|  0%| F|  |TAMS 0x000000008e300000, 0x000000008e300000| Untracked 
| 228|0x000000008e400000, 0x000000008e400000, 0x000000008e500000|  0%| F|  |TAMS 0x000000008e400000, 0x000000008e400000| Untracked 
| 229|0x000000008e500000, 0x000000008e500000, 0x000000008e600000|  0%| F|  |TAMS 0x000000008e500000, 0x000000008e500000| Untracked 
| 230|0x000000008e600000, 0x000000008e600000, 0x000000008e700000|  0%| F|  |TAMS 0x000000008e600000, 0x000000008e600000| Untracked 
| 231|0x000000008e700000, 0x000000008e700000, 0x000000008e800000|  0%| F|  |TAMS 0x000000008e700000, 0x000000008e700000| Untracked 
| 232|0x000000008e800000, 0x000000008e800000, 0x000000008e900000|  0%| F|  |TAMS 0x000000008e800000, 0x000000008e800000| Untracked 
| 233|0x000000008e900000, 0x000000008e900000, 0x000000008ea00000|  0%| F|  |TAMS 0x000000008e900000, 0x000000008e900000| Untracked 
| 234|0x000000008ea00000, 0x000000008ea00000, 0x000000008eb00000|  0%| F|  |TAMS 0x000000008ea00000, 0x000000008ea00000| Untracked 
| 235|0x000000008eb00000, 0x000000008eb00000, 0x000000008ec00000|  0%| F|  |TAMS 0x000000008eb00000, 0x000000008eb00000| Untracked 
| 236|0x000000008ec00000, 0x000000008ec00000, 0x000000008ed00000|  0%| F|  |TAMS 0x000000008ec00000, 0x000000008ec00000| Untracked 
| 237|0x000000008ed00000, 0x000000008ed00000, 0x000000008ee00000|  0%| F|  |TAMS 0x000000008ed00000, 0x000000008ed00000| Untracked 
| 238|0x000000008ee00000, 0x000000008ee00000, 0x000000008ef00000|  0%| F|  |TAMS 0x000000008ee00000, 0x000000008ee00000| Untracked 
| 239|0x000000008ef00000, 0x000000008ef00000, 0x000000008f000000|  0%| F|  |TAMS 0x000000008ef00000, 0x000000008ef00000| Untracked 
| 240|0x000000008f000000, 0x000000008f000000, 0x000000008f100000|  0%| F|  |TAMS 0x000000008f000000, 0x000000008f000000| Untracked 
| 241|0x000000008f100000, 0x000000008f181840, 0x000000008f200000| 50%| E|  |TAMS 0x000000008f100000, 0x000000008f100000| Complete 
| 242|0x000000008f200000, 0x000000008f300000, 0x000000008f300000|100%| E|CS|TAMS 0x000000008f200000, 0x000000008f200000| Complete 
| 243|0x000000008f300000, 0x000000008f400000, 0x000000008f400000|100%| E|CS|TAMS 0x000000008f300000, 0x000000008f300000| Complete 
| 244|0x000000008f400000, 0x000000008f500000, 0x000000008f500000|100%| E|CS|TAMS 0x000000008f400000, 0x000000008f400000| Complete 

Card table byte_map: [0x000002b6bda90000,0x000002b6bde90000] _byte_map_base: 0x000002b6bd690000

Marking Bits (Prev, Next): (CMBitMap*) 0x000002b6a4aca480, (CMBitMap*) 0x000002b6a4aca4c0
 Prev Bits: [0x000002b6be290000, 0x000002b6c0290000)
 Next Bits: [0x000002b6c0290000, 0x000002b6c2290000)

Polling page: 0x000002b6a49a0000

Metaspace:

Usage:
  Non-class:     87.04 MB used.
      Class:     14.13 MB used.
       Both:    101.18 MB used.

Virtual space:
  Non-class space:      128.00 MB reserved,      87.56 MB ( 68%) committed,  2 nodes.
      Class space:      416.00 MB reserved,      14.69 MB (  4%) committed,  1 nodes.
             Both:      544.00 MB reserved,     102.25 MB ( 19%) committed. 

Chunk freelists:
   Non-Class:  8.00 MB
       Class:  1.17 MB
        Both:  9.17 MB

MaxMetaspaceSize: 512.00 MB
CompressedClassSpaceSize: 416.00 MB
Initial GC threshold: 21.00 MB
Current GC threshold: 158.75 MB
CDS: on
MetaspaceReclaimPolicy: balanced
 - commit_granule_bytes: 65536.
 - commit_granule_words: 8192.
 - virtual_space_node_default_size: 8388608.
 - enlarge_chunks_in_place: 1.
 - new_chunks_are_fully_committed: 0.
 - uncommit_free_chunks: 1.
 - use_allocation_guard: 0.
 - handle_deallocations: 1.


Internal statistics:

num_allocs_failed_limit: 9.
num_arena_births: 1446.
num_arena_deaths: 0.
num_vsnodes_births: 3.
num_vsnodes_deaths: 0.
num_space_committed: 1636.
num_space_uncommitted: 0.
num_chunks_returned_to_freelist: 9.
num_chunks_taken_from_freelist: 6063.
num_chunk_merges: 9.
num_chunk_splits: 3868.
num_chunks_enlarged: 2431.
num_inconsistent_stats: 0.

CodeHeap 'non-profiled nmethods': size=120000Kb used=10615Kb max_used=10615Kb free=109384Kb
 bounds [0x000002b6b6160000, 0x000002b6b6bc0000, 0x000002b6bd690000]
CodeHeap 'profiled nmethods': size=120000Kb used=27215Kb max_used=27215Kb free=92784Kb
 bounds [0x000002b6ae690000, 0x000002b6b0130000, 0x000002b6b5bc0000]
CodeHeap 'non-nmethods': size=5760Kb used=2414Kb max_used=2521Kb free=3345Kb
 bounds [0x000002b6b5bc0000, 0x000002b6b5e60000, 0x000002b6b6160000]
 total_blobs=14882 nmethods=13929 adapters=864
 compilation: enabled
              stopped_count=0, restarted_count=0
 full_count=0

Compilation events (20 events):
Event: 250.357 Thread 0x000002b6e7989560 16023   !   4       com.google.common.cache.LocalCache$Segment::lockedGetOrLoad (447 bytes)
Event: 250.361 Thread 0x000002b6c47667e0 nmethod 16011 0x000002b6b6ba2b90 code [0x000002b6b6ba30a0, 0x000002b6b6ba95f8]
Event: 250.361 Thread 0x000002b6c47667e0 16024       4       org.gradle.internal.io.StreamByteBuffer$StreamByteBufferInputStream::read (8 bytes)
Event: 250.362 Thread 0x000002b6c47667e0 nmethod 16024 0x000002b6b6bac710 code [0x000002b6b6bac8a0, 0x000002b6b6bac948]
Event: 250.364 Thread 0x000002b6c47667e0 16025       4       com.google.common.cache.LocalCache$LoadingValueReference::<init> (34 bytes)
Event: 250.372 Thread 0x000002b6c47667e0 nmethod 16025 0x000002b6b6baca10 code [0x000002b6b6bacba0, 0x000002b6b6bacfb8]
Event: 250.372 Thread 0x000002b6c47667e0 16026   !   4       com.google.common.cache.LocalCache$Segment::storeLoadedValue (371 bytes)
Event: 250.407 Thread 0x000002b6c4767aa0 16029   !   3       org.gradle.cache.internal.ExclusiveCacheAccessingWorker::addToQueue (37 bytes)
Event: 250.407 Thread 0x000002b6c4767aa0 nmethod 16029 0x000002b6b0124210 code [0x000002b6b01243e0, 0x000002b6b01247a8]
Event: 250.438 Thread 0x000002b6c4767aa0 16030       3       java.util.concurrent.ArrayBlockingQueue::dequeue (75 bytes)
Event: 250.439 Thread 0x000002b6c4767aa0 nmethod 16030 0x000002b6b0124990 code [0x000002b6b0124ba0, 0x000002b6b0125238]
Event: 250.564 Thread 0x000002b6c47667e0 nmethod 16026 0x000002b6b6bad110 code [0x000002b6b6bad500, 0x000002b6b6bb0a28]
Event: 250.565 Thread 0x000002b6c47667e0 16027   !   4       org.gradle.cache.internal.DefaultMultiProcessSafeIndexedCache::getIfPresent (25 bytes)
Event: 250.608 Thread 0x000002b6e7989560 nmethod 16023 0x000002b6b6bb3810 code [0x000002b6b6bb3ce0, 0x000002b6b6bb84a0]
Event: 250.608 Thread 0x000002b6e7989560 16031       4       org.gradle.internal.snapshot.ChildMapFactory::childMapFromSorted (84 bytes)
Event: 250.614 Thread 0x000002b6e7989560 nmethod 16031 0x000002b6b6bbb890 code [0x000002b6b6bbba40, 0x000002b6b6bbbdf8]
Event: 250.614 Thread 0x000002b6e7989560 16028       4       org.gradle.cache.internal.btree.BTreePersistentIndexedCache$IndexBlock::get (38 bytes)
Event: 250.617 Thread 0x000002b6e7989560 nmethod 16028 0x000002b6b6bbc110 code [0x000002b6b6bbc2c0, 0x000002b6b6bbc478]
Event: 250.617 Thread 0x000002b6e7989560 16032       4       com.google.common.cache.LocalCache$EntryFactory$2::newEntry (12 bytes)
Event: 250.632 Thread 0x000002b6e7989560 nmethod 16032 0x000002b6b6bbc710 code [0x000002b6b6bbc8a0, 0x000002b6b6bbce78]

GC Heap History (20 events):
Event: 228.727 GC heap before
{Heap before GC invocations=80 (full 0):
 garbage-first heap   total 250880K, used 204458K [0x0000000080000000, 0x0000000100000000)
  region size 1024K, 47 young (48128K), 7 survivors (7168K)
 Metaspace       used 97405K, committed 98432K, reserved 557056K
  class space    used 13659K, committed 14144K, reserved 425984K
}
Event: 228.755 GC heap after
{Heap after GC invocations=81 (full 0):
 garbage-first heap   total 250880K, used 173294K [0x0000000080000000, 0x0000000100000000)
  region size 1024K, 6 young (6144K), 6 survivors (6144K)
 Metaspace       used 97405K, committed 98432K, reserved 557056K
  class space    used 13659K, committed 14144K, reserved 425984K
}
Event: 229.764 GC heap before
{Heap before GC invocations=81 (full 0):
 garbage-first heap   total 250880K, used 206062K [0x0000000080000000, 0x0000000100000000)
  region size 1024K, 38 young (38912K), 6 survivors (6144K)
 Metaspace       used 99617K, committed 100736K, reserved 557056K
  class space    used 14018K, committed 14592K, reserved 425984K
}
Event: 229.787 GC heap after
{Heap after GC invocations=82 (full 0):
 garbage-first heap   total 250880K, used 176689K [0x0000000080000000, 0x0000000100000000)
  region size 1024K, 3 young (3072K), 3 survivors (3072K)
 Metaspace       used 99617K, committed 100736K, reserved 557056K
  class space    used 14018K, committed 14592K, reserved 425984K
}
Event: 234.701 GC heap before
{Heap before GC invocations=82 (full 0):
 garbage-first heap   total 250880K, used 208433K [0x0000000080000000, 0x0000000100000000)
  region size 1024K, 34 young (34816K), 3 survivors (3072K)
 Metaspace       used 101507K, committed 102592K, reserved 557056K
  class space    used 14249K, committed 14784K, reserved 425984K
}
Event: 234.719 GC heap after
{Heap after GC invocations=83 (full 0):
 garbage-first heap   total 250880K, used 179737K [0x0000000080000000, 0x0000000100000000)
  region size 1024K, 5 young (5120K), 5 survivors (5120K)
 Metaspace       used 101507K, committed 102592K, reserved 557056K
  class space    used 14249K, committed 14784K, reserved 425984K
}
Event: 239.203 GC heap before
{Heap before GC invocations=83 (full 0):
 garbage-first heap   total 250880K, used 210457K [0x0000000080000000, 0x0000000100000000)
  region size 1024K, 35 young (35840K), 5 survivors (5120K)
 Metaspace       used 102199K, committed 103296K, reserved 557056K
  class space    used 14315K, committed 14848K, reserved 425984K
}
Event: 239.224 GC heap after
{Heap after GC invocations=84 (full 0):
 garbage-first heap   total 250880K, used 183892K [0x0000000080000000, 0x0000000100000000)
  region size 1024K, 5 young (5120K), 5 survivors (5120K)
 Metaspace       used 102199K, committed 103296K, reserved 557056K
  class space    used 14315K, committed 14848K, reserved 425984K
}
Event: 244.228 GC heap before
{Heap before GC invocations=84 (full 0):
 garbage-first heap   total 250880K, used 212564K [0x0000000080000000, 0x0000000100000000)
  region size 1024K, 33 young (33792K), 5 survivors (5120K)
 Metaspace       used 102333K, committed 103424K, reserved 557056K
  class space    used 14316K, committed 14848K, reserved 425984K
}
Event: 244.241 GC heap after
{Heap after GC invocations=85 (full 0):
 garbage-first heap   total 250880K, used 186783K [0x0000000080000000, 0x0000000100000000)
  region size 1024K, 3 young (3072K), 3 survivors (3072K)
 Metaspace       used 102333K, committed 103424K, reserved 557056K
  class space    used 14316K, committed 14848K, reserved 425984K
}
Event: 246.241 GC heap before
{Heap before GC invocations=85 (full 0):
 garbage-first heap   total 250880K, used 213407K [0x0000000080000000, 0x0000000100000000)
  region size 1024K, 29 young (29696K), 3 survivors (3072K)
 Metaspace       used 102585K, committed 103744K, reserved 557056K
  class space    used 14341K, committed 14912K, reserved 425984K
}
Event: 246.264 GC heap after
{Heap after GC invocations=86 (full 0):
 garbage-first heap   total 250880K, used 190654K [0x0000000080000000, 0x0000000100000000)
  region size 1024K, 4 young (4096K), 4 survivors (4096K)
 Metaspace       used 102585K, committed 103744K, reserved 557056K
  class space    used 14341K, committed 14912K, reserved 425984K
}
Event: 247.201 GC heap before
{Heap before GC invocations=86 (full 0):
 garbage-first heap   total 250880K, used 213182K [0x0000000080000000, 0x0000000100000000)
  region size 1024K, 27 young (27648K), 4 survivors (4096K)
 Metaspace       used 103152K, committed 104320K, reserved 557056K
  class space    used 14420K, committed 14976K, reserved 425984K
}
Event: 247.212 GC heap after
{Heap after GC invocations=87 (full 0):
 garbage-first heap   total 250880K, used 192318K [0x0000000080000000, 0x0000000100000000)
  region size 1024K, 2 young (2048K), 2 survivors (2048K)
 Metaspace       used 103152K, committed 104320K, reserved 557056K
  class space    used 14420K, committed 14976K, reserved 425984K
}
Event: 248.964 GC heap before
{Heap before GC invocations=87 (full 0):
 garbage-first heap   total 250880K, used 215870K [0x0000000080000000, 0x0000000100000000)
  region size 1024K, 25 young (25600K), 2 survivors (2048K)
 Metaspace       used 103337K, committed 104448K, reserved 557056K
  class space    used 14427K, committed 14976K, reserved 425984K
}
Event: 248.971 GC heap after
{Heap after GC invocations=88 (full 0):
 garbage-first heap   total 250880K, used 193033K [0x0000000080000000, 0x0000000100000000)
  region size 1024K, 3 young (3072K), 3 survivors (3072K)
 Metaspace       used 103337K, committed 104448K, reserved 557056K
  class space    used 14427K, committed 14976K, reserved 425984K
}
Event: 249.831 GC heap before
{Heap before GC invocations=88 (full 0):
 garbage-first heap   total 250880K, used 216585K [0x0000000080000000, 0x0000000100000000)
  region size 1024K, 26 young (26624K), 3 survivors (3072K)
 Metaspace       used 103600K, committed 104704K, reserved 557056K
  class space    used 14472K, committed 15040K, reserved 425984K
}
Event: 249.841 GC heap after
{Heap after GC invocations=89 (full 0):
 garbage-first heap   total 250880K, used 196471K [0x0000000080000000, 0x0000000100000000)
  region size 1024K, 4 young (4096K), 4 survivors (4096K)
 Metaspace       used 103600K, committed 104704K, reserved 557056K
  class space    used 14472K, committed 15040K, reserved 425984K
}
Event: 250.619 GC heap before
{Heap before GC invocations=89 (full 0):
 garbage-first heap   total 250880K, used 215927K [0x0000000080000000, 0x0000000100000000)
  region size 1024K, 24 young (24576K), 4 survivors (4096K)
 Metaspace       used 103606K, committed 104704K, reserved 557056K
  class space    used 14472K, committed 15040K, reserved 425984K
}
Event: 250.631 GC heap after
{Heap after GC invocations=90 (full 0):
 garbage-first heap   total 250880K, used 197808K [0x0000000080000000, 0x0000000100000000)
  region size 1024K, 2 young (2048K), 2 survivors (2048K)
 Metaspace       used 103606K, committed 104704K, reserved 557056K
  class space    used 14472K, committed 15040K, reserved 425984K
}

Dll operation events (14 events):
Event: 0.023 Loaded shared library C:\Program Files\Microsoft\jdk-17.0.8.7-hotspot\bin\java.dll
Event: 0.077 Loaded shared library C:\Program Files\Microsoft\jdk-17.0.8.7-hotspot\bin\jsvml.dll
Event: 0.391 Loaded shared library C:\Program Files\Microsoft\jdk-17.0.8.7-hotspot\bin\zip.dll
Event: 0.426 Loaded shared library C:\Program Files\Microsoft\jdk-17.0.8.7-hotspot\bin\instrument.dll
Event: 0.442 Loaded shared library C:\Program Files\Microsoft\jdk-17.0.8.7-hotspot\bin\net.dll
Event: 0.446 Loaded shared library C:\Program Files\Microsoft\jdk-17.0.8.7-hotspot\bin\nio.dll
Event: 0.457 Loaded shared library C:\Program Files\Microsoft\jdk-17.0.8.7-hotspot\bin\zip.dll
Event: 1.733 Loaded shared library C:\Program Files\Microsoft\jdk-17.0.8.7-hotspot\bin\jimage.dll
Event: 2.039 Loaded shared library C:\Program Files\Microsoft\jdk-17.0.8.7-hotspot\bin\verify.dll
Event: 2.591 Loaded shared library C:\Users\mujah\.gradle\native\68d5fa5c4cc2d200863cafc0d521ce42e7d3e7ee720ec0a83991735586a16f82\windows-amd64\native-platform.dll
Event: 2.625 Loaded shared library C:\Users\mujah\.gradle\native\e376f236ea51e6404a007f0833ffe2c6e607c4080706a723a18a27aeea778392\windows-amd64\native-platform-file-events.dll
Event: 6.553 Loaded shared library C:\Program Files\Microsoft\jdk-17.0.8.7-hotspot\bin\management.dll
Event: 6.565 Loaded shared library C:\Program Files\Microsoft\jdk-17.0.8.7-hotspot\bin\management_ext.dll
Event: 9.891 Loaded shared library C:\Program Files\Microsoft\jdk-17.0.8.7-hotspot\bin\sunmscapi.dll

Deoptimization events (20 events):
Event: 249.415 Thread 0x000002b6ef79eda0 Uncommon trap: trap_request=0xffffffdc fr.pc=0x000002b6b6a55af8 relative=0x0000000000000258
Event: 249.415 Thread 0x000002b6ef79eda0 Uncommon trap: reason=class_check action=make_not_entrant pc=0x000002b6b6a55af8 method=java.util.ArrayDeque.toArray(Ljava/lang/Class;)[Ljava/lang/Object; @ 45 c2
Event: 249.415 Thread 0x000002b6ef79eda0 DEOPT PACKING pc=0x000002b6b6a55af8 sp=0x000000fc279f9cd0
Event: 249.415 Thread 0x000002b6ef79eda0 DEOPT UNPACKING pc=0x000002b6b5c169a3 sp=0x000000fc279f9c70 mode 2
Event: 249.461 Thread 0x000002b6ef79eda0 Uncommon trap: trap_request=0xffffffc6 fr.pc=0x000002b6b6ad50c8 relative=0x00000000000000a8
Event: 249.461 Thread 0x000002b6ef79eda0 Uncommon trap: reason=bimorphic_or_optimized_type_check action=maybe_recompile pc=0x000002b6b6ad50c8 method=org.gradle.execution.plan.ActionNode.hasPendingPreExecutionNodes()Z @ 11 c2
Event: 249.461 Thread 0x000002b6ef79eda0 DEOPT PACKING pc=0x000002b6b6ad50c8 sp=0x000000fc279fd920
Event: 249.461 Thread 0x000002b6ef79eda0 DEOPT UNPACKING pc=0x000002b6b5c169a3 sp=0x000000fc279fd8a8 mode 2
Event: 249.472 Thread 0x000002b6ef79eda0 Uncommon trap: trap_request=0xffffffc6 fr.pc=0x000002b6b6ad50c8 relative=0x00000000000000a8
Event: 249.472 Thread 0x000002b6ef79eda0 Uncommon trap: reason=bimorphic_or_optimized_type_check action=maybe_recompile pc=0x000002b6b6ad50c8 method=org.gradle.execution.plan.ActionNode.hasPendingPreExecutionNodes()Z @ 11 c2
Event: 249.472 Thread 0x000002b6ef79eda0 DEOPT PACKING pc=0x000002b6b6ad50c8 sp=0x000000fc279fd920
Event: 249.472 Thread 0x000002b6ef79eda0 DEOPT UNPACKING pc=0x000002b6b5c169a3 sp=0x000000fc279fd8a8 mode 2
Event: 250.393 Thread 0x000002b6e74a1690 Uncommon trap: trap_request=0xffffff45 fr.pc=0x000002b6b6b937cc relative=0x0000000000000d0c
Event: 250.393 Thread 0x000002b6e74a1690 Uncommon trap: reason=unstable_if action=reinterpret pc=0x000002b6b6b937cc method=java.util.concurrent.ArrayBlockingQueue.enqueue(Ljava/lang/Object;)V @ 25 c2
Event: 250.393 Thread 0x000002b6e74a1690 DEOPT PACKING pc=0x000002b6b6b937cc sp=0x000000fc26dfaa70
Event: 250.393 Thread 0x000002b6e74a1690 DEOPT UNPACKING pc=0x000002b6b5c169a3 sp=0x000000fc26dfa978 mode 2
Event: 250.393 Thread 0x000002b6e4ad71d0 Uncommon trap: trap_request=0xffffff45 fr.pc=0x000002b6b6b922ac relative=0x00000000000006ec
Event: 250.393 Thread 0x000002b6e4ad71d0 Uncommon trap: reason=unstable_if action=reinterpret pc=0x000002b6b6b922ac method=java.util.concurrent.ArrayBlockingQueue.dequeue()Ljava/lang/Object; @ 32 c2
Event: 250.393 Thread 0x000002b6e4ad71d0 DEOPT PACKING pc=0x000002b6b6b922ac sp=0x000000fc246fe970
Event: 250.393 Thread 0x000002b6e4ad71d0 DEOPT UNPACKING pc=0x000002b6b5c169a3 sp=0x000000fc246fe950 mode 2

Classes unloaded (0 events):
No events

Classes redefined (0 events):
No events

Internal exceptions (20 events):
Event: 232.408 Thread 0x000002b6e56aae50 Exception <a 'sun/nio/fs/WindowsException'{0x000000008eba7180}> (0x000000008eba7180) 
thrown [s\src\hotspot\share\prims\jni.cpp, line 516]
Event: 232.409 Thread 0x000002b6e56aae50 Exception <a 'sun/nio/fs/WindowsException'{0x000000008eba87c0}> (0x000000008eba87c0) 
thrown [s\src\hotspot\share\prims\jni.cpp, line 516]
Event: 232.409 Thread 0x000002b6e56aae50 Exception <a 'sun/nio/fs/WindowsException'{0x000000008eba9e50}> (0x000000008eba9e50) 
thrown [s\src\hotspot\share\prims\jni.cpp, line 516]
Event: 232.410 Thread 0x000002b6e56aae50 Exception <a 'sun/nio/fs/WindowsException'{0x000000008ebab4e0}> (0x000000008ebab4e0) 
thrown [s\src\hotspot\share\prims\jni.cpp, line 516]
Event: 234.726 Thread 0x000002b6c474ab00 Implicit null exception at 0x000002b6b662e200 to 0x000002b6b662e86c
Event: 237.189 Thread 0x000002b6e56aae50 Exception <a 'java/lang/IncompatibleClassChangeError'{0x000000008e309860}: Found class java.lang.Object, but interface was expected> (0x000000008e309860) 
thrown [s\src\hotspot\share\interpreter\linkResolver.cpp, line 826]
Event: 239.116 Thread 0x000002b6e56aae50 Exception <a 'sun/nio/fs/WindowsException'{0x000000008dbf31e8}> (0x000000008dbf31e8) 
thrown [s\src\hotspot\share\prims\jni.cpp, line 516]
Event: 239.116 Thread 0x000002b6e56aae50 Exception <a 'sun/nio/fs/WindowsException'{0x000000008dbf4828}> (0x000000008dbf4828) 
thrown [s\src\hotspot\share\prims\jni.cpp, line 516]
Event: 239.116 Thread 0x000002b6e56aae50 Exception <a 'sun/nio/fs/WindowsException'{0x000000008dbf5eb8}> (0x000000008dbf5eb8) 
thrown [s\src\hotspot\share\prims\jni.cpp, line 516]
Event: 239.117 Thread 0x000002b6e56aae50 Exception <a 'sun/nio/fs/WindowsException'{0x000000008dbf7548}> (0x000000008dbf7548) 
thrown [s\src\hotspot\share\prims\jni.cpp, line 516]
Event: 246.372 Thread 0x000002b6e56abd80 Exception <a 'java/lang/NoSuchMethodError'{0x000000008f28f2d8}: 'void java.lang.invoke.DirectMethodHandle$Holder.invokeStatic(java.lang.Object, java.lang.Object, java.lang.Object, java.lang.Object, int, java.lang.Object, java.lang.Object)'> (0x000000008f28f2d8) 
thrown [s\src\hotspot\share\interpreter\linkResolver.cpp, line 759]
Event: 246.417 Thread 0x000002b6ef79e380 Exception <a 'java/lang/NoSuchMethodError'{0x000000008f1b9358}: 'java.lang.Object java.lang.invoke.DirectMethodHandle$Holder.invokeSpecialIFC(java.lang.Object, java.lang.Object, java.lang.Object)'> (0x000000008f1b9358) 
thrown [s\src\hotspot\share\interpreter\linkResolver.cpp, line 759]
Event: 246.978 Thread 0x000002b6ef799280 Exception <a 'java/lang/NoSuchMethodError'{0x000000008e4e2f18}: 'void java.lang.invoke.DirectMethodHandle$Holder.invokeVirtual(java.lang.Object, java.lang.Object)'> (0x000000008e4e2f18) 
thrown [s\src\hotspot\share\interpreter\linkResolver.cpp, line 759]
Event: 249.264 Thread 0x000002b6e56abd80 Exception <a 'java/lang/ClassNotFoundException'{0x000000008efa65a0}: groovy/util/FileTreeBuilderBeanInfo> (0x000000008efa65a0) 
thrown [s\src\hotspot\share\classfile\systemDictionary.cpp, line 256]
Event: 249.268 Thread 0x000002b6e56abd80 Exception <a 'java/lang/ClassNotFoundException'{0x000000008ee07ca0}: groovy/util/FileTreeBuilderCustomizer> (0x000000008ee07ca0) 
thrown [s\src\hotspot\share\classfile\systemDictionary.cpp, line 256]
Event: 249.288 Thread 0x000002b6e56abd80 Exception <a 'java/lang/ClassNotFoundException'{0x000000008ee3f4f0}: java/io/BufferedWriterBeanInfo> (0x000000008ee3f4f0) 
thrown [s\src\hotspot\share\classfile\systemDictionary.cpp, line 256]
Event: 249.288 Thread 0x000002b6e56abd80 Exception <a 'java/lang/ClassNotFoundException'{0x000000008ee448d8}: java/io/WriterBeanInfo> (0x000000008ee448d8) 
thrown [s\src\hotspot\share\classfile\systemDictionary.cpp, line 256]
Event: 249.289 Thread 0x000002b6e56abd80 Exception <a 'java/lang/ClassNotFoundException'{0x000000008ee49f50}: java/io/WriterCustomizer> (0x000000008ee49f50) 
thrown [s\src\hotspot\share\classfile\systemDictionary.cpp, line 256]
Event: 249.289 Thread 0x000002b6e56abd80 Exception <a 'java/lang/ClassNotFoundException'{0x000000008ee58218}: java/io/BufferedWriterCustomizer> (0x000000008ee58218) 
thrown [s\src\hotspot\share\classfile\systemDictionary.cpp, line 256]
Event: 249.376 Thread 0x000002b6ef79eda0 Exception <a 'java/lang/NoSuchMethodError'{0x000000008eef6d58}: static Lcom/android/build/api/variant/BuildConfigField;.<clinit>()V> (0x000000008eef6d58) 
thrown [s\src\hotspot\share\prims\jni.cpp, line 1107]

VM Operations (20 events):
Event: 246.441 Executing VM operation: HandshakeAllThreads
Event: 246.441 Executing VM operation: HandshakeAllThreads done
Event: 246.443 Executing VM operation: HandshakeAllThreads
Event: 246.443 Executing VM operation: HandshakeAllThreads done
Event: 247.114 Executing VM operation: ICBufferFull
Event: 247.115 Executing VM operation: ICBufferFull done
Event: 247.198 Executing VM operation: G1CollectForAllocation
Event: 247.213 Executing VM operation: G1CollectForAllocation done
Event: 248.963 Executing VM operation: G1CollectForAllocation
Event: 248.972 Executing VM operation: G1CollectForAllocation done
Event: 249.037 Executing VM operation: HandshakeAllThreads
Event: 249.051 Executing VM operation: HandshakeAllThreads done
Event: 249.096 Executing VM operation: ICBufferFull
Event: 249.110 Executing VM operation: ICBufferFull done
Event: 249.556 Executing VM operation: ICBufferFull
Event: 249.559 Executing VM operation: ICBufferFull done
Event: 249.831 Executing VM operation: G1CollectForAllocation
Event: 249.842 Executing VM operation: G1CollectForAllocation done
Event: 250.619 Executing VM operation: G1CollectForAllocation
Event: 250.632 Executing VM operation: G1CollectForAllocation done

Events (20 events):
Event: 248.823 Thread 0x000002b6e7989560 Thread added: 0x000002b6e7989560
Event: 249.033 Thread 0x000002b6ef79c520 Thread added: 0x000002b6ef79c520
Event: 249.075 Thread 0x000002b6c48d8070 flushing nmethod 0x000002b6aeea9b10
Event: 249.077 Thread 0x000002b6c48d8070 flushing nmethod 0x000002b6af089d10
Event: 249.288 loading class java/io/BufferedWriterBeanInfo
Event: 249.288 loading class java/io/BufferedWriterBeanInfo done
Event: 249.288 loading class java/io/BufferedWriterBeanInfo
Event: 249.288 loading class java/io/BufferedWriterBeanInfo done
Event: 249.288 loading class java/io/WriterBeanInfo
Event: 249.288 loading class java/io/WriterBeanInfo done
Event: 249.288 loading class java/io/WriterBeanInfo
Event: 249.288 loading class java/io/WriterBeanInfo done
Event: 249.288 loading class java/io/WriterCustomizer
Event: 249.288 loading class java/io/WriterCustomizer done
Event: 249.289 loading class java/io/WriterCustomizer
Event: 249.289 loading class java/io/WriterCustomizer done
Event: 249.289 loading class java/io/BufferedWriterCustomizer
Event: 249.289 loading class java/io/BufferedWriterCustomizer done
Event: 249.289 loading class java/io/BufferedWriterCustomizer
Event: 249.289 loading class java/io/BufferedWriterCustomizer done


Dynamic libraries:
0x00007ff66a1f0000 - 0x00007ff66a1fe000 	C:\Program Files\Microsoft\jdk-17.0.8.7-hotspot\bin\java.exe
0x00007ffc12690000 - 0x00007ffc12888000 	C:\Windows\SYSTEM32\ntdll.dll
0x00007ffc11220000 - 0x00007ffc112dd000 	C:\Windows\System32\KERNEL32.DLL
0x00007ffc10350000 - 0x00007ffc10646000 	C:\Windows\System32\KERNELBASE.dll
0x00007ffc0fe10000 - 0x00007ffc0ff10000 	C:\Windows\System32\ucrtbase.dll
0x00007ffbe1fb0000 - 0x00007ffbe1fc7000 	C:\Program Files\Microsoft\jdk-17.0.8.7-hotspot\bin\jli.dll
0x00007ffc10dd0000 - 0x00007ffc10f6e000 	C:\Windows\System32\USER32.dll
0x00007ffc0ff10000 - 0x00007ffc0ff32000 	C:\Windows\System32\win32u.dll
0x00007ffc106e0000 - 0x00007ffc1070c000 	C:\Windows\System32\GDI32.dll
0x00007ffc10230000 - 0x00007ffc1034a000 	C:\Windows\System32\gdi32full.dll
0x00007ffc10000000 - 0x00007ffc1009d000 	C:\Windows\System32\msvcp_win.dll
0x00007ffbe1f10000 - 0x00007ffbe1f2b000 	C:\Program Files\Microsoft\jdk-17.0.8.7-hotspot\bin\VCRUNTIME140.dll
0x00007ffbfdf70000 - 0x00007ffbfe20a000 	C:\Windows\WinSxS\amd64_microsoft.windows.common-controls_6595b64144ccf1df_6.0.19041.3636_none_60b6a03d71f818d5\COMCTL32.dll
0x00007ffc10f70000 - 0x00007ffc1100e000 	C:\Windows\System32\msvcrt.dll
0x00007ffc12090000 - 0x00007ffc120c0000 	C:\Windows\System32\IMM32.DLL
0x00007ffbf9110000 - 0x00007ffbf911c000 	C:\Program Files\Microsoft\jdk-17.0.8.7-hotspot\bin\vcruntime140_1.dll
0x00007ffbdfee0000 - 0x00007ffbdff6d000 	C:\Program Files\Microsoft\jdk-17.0.8.7-hotspot\bin\msvcp140.dll
0x00007ffbbc880000 - 0x00007ffbbd4e5000 	C:\Program Files\Microsoft\jdk-17.0.8.7-hotspot\bin\server\jvm.dll
0x00007ffc11870000 - 0x00007ffc11923000 	C:\Windows\System32\ADVAPI32.dll
0x00007ffc125b0000 - 0x00007ffc1264f000 	C:\Windows\System32\sechost.dll
0x00007ffc120c0000 - 0x00007ffc121e6000 	C:\Windows\System32\RPCRT4.dll
0x00007ffc100a0000 - 0x00007ffc100c7000 	C:\Windows\System32\bcrypt.dll
0x00007ffc0fbc0000 - 0x00007ffc0fc0b000 	C:\Windows\SYSTEM32\POWRPROF.dll
0x00007ffbf4040000 - 0x00007ffbf4049000 	C:\Windows\SYSTEM32\WSOCK32.dll
0x00007ffc121f0000 - 0x00007ffc1225b000 	C:\Windows\System32\WS2_32.dll
0x00007ffbeeaa0000 - 0x00007ffbeeac7000 	C:\Windows\SYSTEM32\WINMM.dll
0x00007ffc084c0000 - 0x00007ffc084ca000 	C:\Windows\SYSTEM32\VERSION.dll
0x00007ffc0fba0000 - 0x00007ffc0fbb2000 	C:\Windows\SYSTEM32\UMPDC.dll
0x00007ffc0e560000 - 0x00007ffc0e572000 	C:\Windows\SYSTEM32\kernel.appcore.dll
0x00007ffbf6ca0000 - 0x00007ffbf6caa000 	C:\Program Files\Microsoft\jdk-17.0.8.7-hotspot\bin\jimage.dll
0x00007ffbed080000 - 0x00007ffbed264000 	C:\Windows\SYSTEM32\DBGHELP.DLL
0x00007ffbed040000 - 0x00007ffbed074000 	C:\Windows\SYSTEM32\dbgcore.DLL
0x00007ffc10650000 - 0x00007ffc106d2000 	C:\Windows\System32\bcryptPrimitives.dll
0x00007ffc096b0000 - 0x00007ffc096be000 	C:\Program Files\Microsoft\jdk-17.0.8.7-hotspot\bin\instrument.dll
0x00007ffbe7c40000 - 0x00007ffbe7c65000 	C:\Program Files\Microsoft\jdk-17.0.8.7-hotspot\bin\java.dll
0x00007ffbd9740000 - 0x00007ffbd9817000 	C:\Program Files\Microsoft\jdk-17.0.8.7-hotspot\bin\jsvml.dll
0x00007ffc11940000 - 0x00007ffc12085000 	C:\Windows\System32\SHELL32.dll
0x00007ffc0dd60000 - 0x00007ffc0e4fb000 	C:\Windows\SYSTEM32\windows.storage.dll
0x00007ffc10770000 - 0x00007ffc10ac4000 	C:\Windows\System32\combase.dll
0x00007ffc0f5e0000 - 0x00007ffc0f60d000 	C:\Windows\SYSTEM32\Wldp.dll
0x00007ffc110a0000 - 0x00007ffc1114d000 	C:\Windows\System32\SHCORE.dll
0x00007ffc11160000 - 0x00007ffc111b5000 	C:\Windows\System32\shlwapi.dll
0x00007ffc0fc90000 - 0x00007ffc0fcb5000 	C:\Windows\SYSTEM32\profapi.dll
0x00007ffbdfe50000 - 0x00007ffbdfe68000 	C:\Program Files\Microsoft\jdk-17.0.8.7-hotspot\bin\zip.dll
0x00007ffbe4fe0000 - 0x00007ffbe4ff9000 	C:\Program Files\Microsoft\jdk-17.0.8.7-hotspot\bin\net.dll
0x00007ffc05c30000 - 0x00007ffc05d3a000 	C:\Windows\SYSTEM32\WINHTTP.dll
0x00007ffc0f3c0000 - 0x00007ffc0f42a000 	C:\Windows\system32\mswsock.dll
0x00007ffbdfe70000 - 0x00007ffbdfe86000 	C:\Program Files\Microsoft\jdk-17.0.8.7-hotspot\bin\nio.dll
0x00007ffbefbf0000 - 0x00007ffbefc00000 	C:\Program Files\Microsoft\jdk-17.0.8.7-hotspot\bin\verify.dll
0x00007ffbfed80000 - 0x00007ffbfeda7000 	C:\Users\mujah\.gradle\native\68d5fa5c4cc2d200863cafc0d521ce42e7d3e7ee720ec0a83991735586a16f82\windows-amd64\native-platform.dll
0x00007ffbceaa0000 - 0x00007ffbcebe4000 	C:\Users\mujah\.gradle\native\e376f236ea51e6404a007f0833ffe2c6e607c4080706a723a18a27aeea778392\windows-amd64\native-platform-file-events.dll
0x00007ffbef750000 - 0x00007ffbef759000 	C:\Program Files\Microsoft\jdk-17.0.8.7-hotspot\bin\management.dll
0x00007ffbee720000 - 0x00007ffbee72b000 	C:\Program Files\Microsoft\jdk-17.0.8.7-hotspot\bin\management_ext.dll
0x00007ffc12260000 - 0x00007ffc12268000 	C:\Windows\System32\PSAPI.DLL
0x00007ffc0f620000 - 0x00007ffc0f638000 	C:\Windows\SYSTEM32\CRYPTSP.dll
0x00007ffc0ed10000 - 0x00007ffc0ed44000 	C:\Windows\system32\rsaenh.dll
0x00007ffc0fc10000 - 0x00007ffc0fc3e000 	C:\Windows\SYSTEM32\USERENV.dll
0x00007ffc0f550000 - 0x00007ffc0f55c000 	C:\Windows\SYSTEM32\CRYPTBASE.dll
0x00007ffc0f0d0000 - 0x00007ffc0f10b000 	C:\Windows\SYSTEM32\IPHLPAPI.DLL
0x00007ffc11150000 - 0x00007ffc11158000 	C:\Windows\System32\NSI.dll
0x00007ffc05f70000 - 0x00007ffc05f87000 	C:\Windows\SYSTEM32\dhcpcsvc6.DLL
0x00007ffc05ec0000 - 0x00007ffc05edd000 	C:\Windows\SYSTEM32\dhcpcsvc.DLL
0x00007ffc0f110000 - 0x00007ffc0f1da000 	C:\Windows\SYSTEM32\DNSAPI.dll
0x00007ffbed810000 - 0x00007ffbed81e000 	C:\Program Files\Microsoft\jdk-17.0.8.7-hotspot\bin\sunmscapi.dll
0x00007ffc100d0000 - 0x00007ffc1022d000 	C:\Windows\System32\CRYPT32.dll
0x00007ffc0f730000 - 0x00007ffc0f758000 	C:\Windows\SYSTEM32\ncrypt.dll
0x00007ffc0f6f0000 - 0x00007ffc0f72b000 	C:\Windows\SYSTEM32\NTASN1.dll
0x00007ffc09310000 - 0x00007ffc09317000 	C:\Windows\system32\wshunix.dll
0x00007ffc068a0000 - 0x00007ffc068b7000 	C:\Windows\system32\napinsp.dll
0x00007ffc06880000 - 0x00007ffc0689b000 	C:\Windows\system32\pnrpnsp.dll
0x00007ffc0a530000 - 0x00007ffc0a545000 	C:\Windows\system32\wshbth.dll
0x00007ffc0ae80000 - 0x00007ffc0ae9d000 	C:\Windows\system32\NLAapi.dll
0x00007ffc06860000 - 0x00007ffc06872000 	C:\Windows\System32\winrnr.dll
0x00007ffbfff80000 - 0x00007ffbfff8a000 	C:\Windows\System32\rasadhlp.dll
0x00007ffc05850000 - 0x00007ffc058d0000 	C:\Windows\System32\fwpuclnt.dll
0x00007ffc0cf30000 - 0x00007ffc0cfc0000 	C:\Windows\system32\apphelp.dll

dbghelp: loaded successfully - version: 4.0.5 - missing functions: none
symbol engine: initialized successfully - sym options: 0x614 - pdb path: .;C:\Program Files\Microsoft\jdk-17.0.8.7-hotspot\bin;C:\Windows\SYSTEM32;C:\Windows\WinSxS\amd64_microsoft.windows.common-controls_6595b64144ccf1df_6.0.19041.3636_none_60b6a03d71f818d5;C:\Program Files\Microsoft\jdk-17.0.8.7-hotspot\bin\server;C:\Users\mujah\.gradle\native\68d5fa5c4cc2d200863cafc0d521ce42e7d3e7ee720ec0a83991735586a16f82\windows-amd64;C:\Users\mujah\.gradle\native\e376f236ea51e6404a007f0833ffe2c6e607c4080706a723a18a27aeea778392\windows-amd64

VM Arguments:
jvm_args: -XX:MaxMetaspaceSize=512m --add-opens=java.base/java.util=ALL-UNNAMED --add-opens=java.base/java.lang=ALL-UNNAMED --add-opens=java.base/java.lang.invoke=ALL-UNNAMED --add-opens=java.prefs/java.util.prefs=ALL-UNNAMED --add-opens=java.base/java.nio.charset=ALL-UNNAMED --add-opens=java.base/java.net=ALL-UNNAMED --add-opens=java.base/java.util.concurrent.atomic=ALL-UNNAMED -Xmx2048m -Dfile.encoding=windows-1252 -Duser.country=IN -Duser.language=en -Duser.variant -javaagent:C:\Users\mujah\.gradle\wrapper\dists\gradle-8.3-all\6en3ugtfdg5xnpx44z4qbwgas\gradle-8.3\lib\agents\gradle-instrumentation-agent-8.3.jar 
java_command: org.gradle.launcher.daemon.bootstrap.GradleDaemon 8.3
java_class_path (initial): C:\Users\mujah\.gradle\wrapper\dists\gradle-8.3-all\6en3ugtfdg5xnpx44z4qbwgas\gradle-8.3\lib\gradle-launcher-8.3.jar
Launcher Type: SUN_STANDARD

[Global flags]
     intx CICompilerCount                          = 3                                         {product} {ergonomic}
   size_t CompressedClassSpaceSize                 = 436207616                                 {product} {ergonomic}
     uint ConcGCThreads                            = 1                                         {product} {ergonomic}
     uint G1ConcRefinementThreads                  = 4                                         {product} {ergonomic}
   size_t G1HeapRegionSize                         = 1048576                                   {product} {ergonomic}
    uintx GCDrainStackTargetSize                   = 64                                        {product} {ergonomic}
   size_t InitialHeapSize                          = 134217728                                 {product} {ergonomic}
   size_t MarkStackSize                            = 4194304                                   {product} {ergonomic}
   size_t MaxHeapSize                              = 2147483648                                {product} {command line}
   size_t MaxMetaspaceSize                         = 536870912                                 {product} {command line}
   size_t MaxNewSize                               = 1287651328                                {product} {ergonomic}
   size_t MinHeapDeltaBytes                        = 1048576                                   {product} {ergonomic}
   size_t MinHeapSize                              = 8388608                                   {product} {ergonomic}
    uintx NonNMethodCodeHeapSize                   = 5832780                                {pd product} {ergonomic}
    uintx NonProfiledCodeHeapSize                  = 122912730                              {pd product} {ergonomic}
    uintx ProfiledCodeHeapSize                     = 122912730                              {pd product} {ergonomic}
    uintx ReservedCodeCacheSize                    = 251658240                              {pd product} {ergonomic}
     bool SegmentedCodeCache                       = true                                      {product} {ergonomic}
   size_t SoftMaxHeapSize                          = 2147483648                             {manageable} {ergonomic}
     bool UseCompressedClassPointers               = true                           {product lp64_product} {ergonomic}
     bool UseCompressedOops                        = true                           {product lp64_product} {ergonomic}
     bool UseG1GC                                  = true                                      {product} {ergonomic}
     bool UseLargePagesIndividualAllocation        = false                                  {pd product} {ergonomic}

Logging:
Log output configuration:
 #0: stdout all=warning uptime,level,tags
 #1: stderr all=off uptime,level,tags

Environment Variables:
JAVA_HOME=C:\Program Files\Microsoft\jdk-17.0.8.7-hotspot\
CLASSPATH=C:\Users\mujah\AwesomeProject\WeatherApp\android\\gradle\wrapper\gradle-wrapper.jar
PATH=C:\Users\mujah\AwesomeProject\WeatherApp\node_modules\.bin;C:\Users\mujah\AwesomeProject\WeatherApp\node_modules\.bin;C:\Users\mujah\AwesomeProject\node_modules\.bin;C:\Users\mujah\node_modules\.bin;C:\Users\node_modules\.bin;C:\node_modules\.bin;C:\Program Files\nodejs\node_modules\npm\node_modules\@npmcli\run-script\lib\node-gyp-bin;C:\Users\mujah\AwesomeProject\WeatherApp\node_modules\.bin;C:\Users\mujah\AwesomeProject\WeatherApp\node_modules\.bin;C:\Users\mujah\AwesomeProject\node_modules\.bin;C:\Users\mujah\node_modules\.bin;C:\Users\node_modules\.bin;C:\node_modules\.bin;C:\Users\mujah\AppData\Roaming\npm\node_modules\npm\node_modules\@npmcli\run-script\lib\node-gyp-bin;C:\Users\mujah\bin;C:\Program Files\Git\mingw64\bin;C:\Program Files\Git\usr\local\bin;C:\Program Files\Git\usr\bin;C:\Program Files\Git\usr\bin;C:\Program Files\Git\mingw64\bin;C:\Program Files\Git\usr\bin;C:\Users\mujah\bin;C:\Program Files\Microsoft\jdk-17.0.8.7-hotspot\bin;C:\Program Files (x86)\Common Files\Oracle\Java\javapath;C:\Python312\Scripts;C:\Python312;C:\Program Files\Eclipse Adoptium\jdk-17.0.7.7-hotspot\bin;C:\Windows\system32;C:\Windows;C:\Windows\System32\Wbem;C:\Windows\System32\WindowsPowerShell\v1.0;C:\Windows\System32\OpenSSH;C:\Users\mujah\AppData\Local\Microsoft\WindowsApps;C:\adb;C:\Program Files (x86)\Microsoft SQL Server\160\Tools\Binn;C:\Program Files\Microsoft SQL Server\160\Tools\Binn;C:\Program Files\Microsoft SQL Server\Client SDK\ODBC\170\Tools\Binn;C:\Program Files\Microsoft SQL Server\160\DTS\Binn;C:\Program Files\dotnet;C:\Users\mujah\AppData\Local\Programs\Python\Python311;C:\Users\mujah\AppData\Local\Programs\Python\Python311\Scripts;C:\Users\mujah\AppData\Roaming\nvm;C:\Program Files\nodejs;C:\ProgramData\chocolatey\bin;C:\Program Files\Git\cmd;C:\Program Files\Git\mingw64\bin;C:\Program Files\Git\usr\bin;C:\Program Files\nodejs;C:\Users\mujah\AppData\Local\Android\Sdk\platform-tools;C:\Users\mujah\AppData\Local\Programs\Python\Python311\Scripts;C:\User
USERNAME=mujah
SHELL=C:\Program Files\Git\usr\bin\bash.exe
DISPLAY=needs-to-be-defined
LANG=en_US.UTF-8
TERM=xterm-256color
TMPDIR=C:\Users\mujah\AppData\Local\Temp
OS=Windows_NT
PROCESSOR_IDENTIFIER=Intel64 Family 6 Model 78 Stepping 3, GenuineIntel
TMP=C:\Users\mujah\AppData\Local\Temp
TEMP=C:\Users\mujah\AppData\Local\Temp



---------------  S Y S T E M  ---------------

OS:
 Windows 10 , 64 bit Build 19041 (10.0.19041.3636)
OS uptime: 0 days 20:47 hours
Hyper-V role detected

CPU: total 4 (initial active 4) (2 cores per cpu, 2 threads per core) family 6 model 78 stepping 3 microcode 0xe2, cx8, cmov, fxsr, ht, mmx, 3dnowpref, sse, sse2, sse3, ssse3, sse4.1, sse4.2, popcnt, lzcnt, tsc, tscinvbit, avx, avx2, aes, erms, clmul, bmi1, bmi2, rtm, adx, fma, vzeroupper, clflush, clflushopt, hv
Processor Information for all 4 processors :
  Max Mhz: 2808, Current Mhz: 2607, Mhz Limit: 2583

Memory: 4k page, system-wide physical 8071M (3092M free)
TotalPageFile size 12730M (AvailPageFile size 4614M)
current process WorkingSet (physical memory assigned to process): 530M, peak: 556M
current process commit charge ("private bytes"): 586M, peak: 615M

vm_info: OpenJDK 64-Bit Server VM (17.0.8+7-LTS) for windows-amd64 JRE (17.0.8+7-LTS), built on Jul  7 2023 17:21:55 by "MicrosoftCorporation" with MS VC++ 16.10 / 16.11 (VS2019)

END.
